#
# There is insufficient memory for the Java Runtime Environment to continue.
# Native memory allocation (malloc) failed to allocate 970256 bytes for Chunk::new
# Possible reasons:
#   The system is out of physical RAM or swap space
#   The process is running with CompressedOops enabled, and the Java Heap may be blocking the growth of the native heap
# Possible solutions:
#   Reduce memory load on the system
#   Increase physical memory or swap space
#   Check if swap backing store is full
#   Decrease Java heap size (-Xmx/-Xms)
#   Decrease number of Java threads
#   Decrease Java thread stack sizes (-Xss)
#   Set larger code cache with -XX:ReservedCodeCacheSize=
#   JVM is running with Unscaled Compressed Oops mode in which the Java heap is
#     placed in the first 4GB address space. The Java Heap base address is the
#     maximum limit for the native heap growth. Please use -XX:HeapBaseMinAddress
#     to set the Java Heap base and to place the Java Heap above 4GB virtual address.
# This output file may be truncated or incomplete.
#
#  Out of Memory Error (allocation.cpp:389), pid=14220, tid=0x0000000000002374
#
# JRE version: OpenJDK Runtime Environment (8.0_242-b01) (build 1.8.0_242-release-1644-b01)
# Java VM: OpenJDK 64-Bit Server VM (25.242-b01 mixed mode windows-amd64 compressed oops)
# Failed to write core dump. Minidumps are not enabled by default on client versions of Windows
#

---------------  T H R E A D  ---------------

Current thread (0x0000000017183000):  JavaThread "C2 CompilerThread0" daemon [_thread_in_native, id=9076, stack(0x00000000187d0000,0x00000000188d0000)]

Stack: [0x00000000187d0000,0x00000000188d0000]
[error occurred during error reporting (printing stack bounds), id 0xc0000005]

Native frames: (J=compiled Java code, j=interpreted, Vv=VM code, C=native code)


Current CompileTask:
C2:  29267 4409   !   4       java.util.jar.Attributes::read (380 bytes)


---------------  P R O C E S S  ---------------

Java Threads: ( => current thread )
  0x000000001d605000 JavaThread "jar transforms Thread 92" [_thread_blocked, id=12820, stack(0x0000000027e80000,0x0000000027f80000)]
  0x000000001d607800 JavaThread "jar transforms Thread 91" [_thread_blocked, id=11060, stack(0x0000000027d80000,0x0000000027e80000)]
  0x000000001d604800 JavaThread "jar transforms Thread 90" [_thread_blocked, id=12092, stack(0x0000000027c80000,0x0000000027d80000)]
  0x000000001d603800 JavaThread "jar transforms Thread 89" [_thread_blocked, id=10748, stack(0x0000000027b80000,0x0000000027c80000)]
  0x000000001d602000 JavaThread "jar transforms Thread 88" [_thread_blocked, id=9056, stack(0x0000000027a80000,0x0000000027b80000)]
  0x000000001d609000 JavaThread "jar transforms Thread 87" [_thread_blocked, id=1096, stack(0x0000000027980000,0x0000000027a80000)]
  0x000000001d608000 JavaThread "jar transforms Thread 86" [_thread_blocked, id=11440, stack(0x0000000027880000,0x0000000027980000)]
  0x000000001d606800 JavaThread "jar transforms Thread 85" [_thread_blocked, id=6540, stack(0x0000000027780000,0x0000000027880000)]
  0x000000001d603000 JavaThread "jar transforms Thread 84" [_thread_blocked, id=3552, stack(0x0000000027680000,0x0000000027780000)]
  0x000000001d5fc000 JavaThread "jar transforms Thread 83" [_thread_blocked, id=2144, stack(0x0000000027580000,0x0000000027680000)]
  0x000000001d5fa800 JavaThread "jar transforms Thread 82" [_thread_blocked, id=4560, stack(0x0000000027480000,0x0000000027580000)]
  0x000000001d601800 JavaThread "jar transforms Thread 81" [_thread_blocked, id=12208, stack(0x0000000027380000,0x0000000027480000)]
  0x000000001d5f9800 JavaThread "jar transforms Thread 80" [_thread_blocked, id=11660, stack(0x0000000027280000,0x0000000027380000)]
  0x000000001d600800 JavaThread "jar transforms Thread 79" [_thread_blocked, id=10648, stack(0x0000000027180000,0x0000000027280000)]
  0x000000001d5fd000 JavaThread "jar transforms Thread 78" [_thread_blocked, id=14100, stack(0x0000000027080000,0x0000000027180000)]
  0x000000001d5fe800 JavaThread "jar transforms Thread 77" [_thread_blocked, id=2928, stack(0x0000000026f80000,0x0000000027080000)]
  0x000000001d5fb000 JavaThread "jar transforms Thread 76" [_thread_blocked, id=14092, stack(0x0000000026e80000,0x0000000026f80000)]
  0x000000001d5fd800 JavaThread "jar transforms Thread 75" [_thread_blocked, id=13504, stack(0x0000000026d80000,0x0000000026e80000)]
  0x000000001d5ff000 JavaThread "jar transforms Thread 74" [_thread_blocked, id=11300, stack(0x0000000026c80000,0x0000000026d80000)]
  0x000000001d600000 JavaThread "jar transforms Thread 73" [_thread_blocked, id=13768, stack(0x0000000026b80000,0x0000000026c80000)]
  0x00000000196a0000 JavaThread "jar transforms Thread 72" [_thread_blocked, id=8340, stack(0x0000000026a80000,0x0000000026b80000)]
  0x000000001969e800 JavaThread "jar transforms Thread 71" [_thread_blocked, id=6196, stack(0x0000000026980000,0x0000000026a80000)]
  0x000000001969d000 JavaThread "jar transforms Thread 70" [_thread_blocked, id=13288, stack(0x0000000026880000,0x0000000026980000)]
  0x000000001969d800 JavaThread "jar transforms Thread 69" [_thread_blocked, id=1368, stack(0x0000000026780000,0x0000000026880000)]
  0x000000001969f000 JavaThread "jar transforms Thread 68" [_thread_blocked, id=13544, stack(0x0000000026680000,0x0000000026780000)]
  0x000000001969c000 JavaThread "jar transforms Thread 67" [_thread_blocked, id=5012, stack(0x0000000026580000,0x0000000026680000)]
  0x0000000019694800 JavaThread "jar transforms Thread 66" [_thread_blocked, id=12948, stack(0x0000000026480000,0x0000000026580000)]
  0x000000001969b800 JavaThread "jar transforms Thread 65" [_thread_blocked, id=13996, stack(0x0000000026380000,0x0000000026480000)]
  0x0000000019699000 JavaThread "jar transforms Thread 64" [_thread_blocked, id=11276, stack(0x0000000026280000,0x0000000026380000)]
  0x0000000019694000 JavaThread "jar transforms Thread 63" [_thread_blocked, id=11496, stack(0x0000000026180000,0x0000000026280000)]
  0x0000000019698800 JavaThread "jar transforms Thread 62" [_thread_blocked, id=5604, stack(0x0000000026080000,0x0000000026180000)]
  0x000000001969a800 JavaThread "jar transforms Thread 61" [_thread_blocked, id=9532, stack(0x0000000025f80000,0x0000000026080000)]
  0x0000000019693000 JavaThread "jar transforms Thread 60" [_thread_blocked, id=2568, stack(0x0000000025e80000,0x0000000025f80000)]
  0x000000001969a000 JavaThread "jar transforms Thread 59" [_thread_blocked, id=1892, stack(0x0000000025d80000,0x0000000025e80000)]
  0x0000000019695800 JavaThread "jar transforms Thread 58" [_thread_blocked, id=6436, stack(0x0000000025c80000,0x0000000025d80000)]
  0x0000000019691000 JavaThread "jar transforms Thread 57" [_thread_blocked, id=11520, stack(0x0000000025b80000,0x0000000025c80000)]
  0x0000000019697800 JavaThread "jar transforms Thread 56" [_thread_blocked, id=3312, stack(0x0000000025a80000,0x0000000025b80000)]
  0x0000000019692800 JavaThread "jar transforms Thread 55" [_thread_blocked, id=5904, stack(0x0000000025980000,0x0000000025a80000)]
  0x0000000019697000 JavaThread "jar transforms Thread 54" [_thread_blocked, id=1156, stack(0x0000000025880000,0x0000000025980000)]
  0x0000000019691800 JavaThread "jar transforms Thread 53" [_thread_blocked, id=12988, stack(0x0000000025780000,0x0000000025880000)]
  0x0000000019696000 JavaThread "jar transforms Thread 52" [_thread_blocked, id=4672, stack(0x0000000025680000,0x0000000025780000)]
  0x0000000018c77000 JavaThread "jar transforms Thread 51" [_thread_blocked, id=3276, stack(0x0000000025580000,0x0000000025680000)]
  0x0000000018c76800 JavaThread "jar transforms Thread 50" [_thread_blocked, id=12312, stack(0x0000000025480000,0x0000000025580000)]
  0x0000000018c79800 JavaThread "jar transforms Thread 49" [_thread_blocked, id=7496, stack(0x0000000025380000,0x0000000025480000)]
  0x0000000018c78000 JavaThread "jar transforms Thread 48" [_thread_blocked, id=8564, stack(0x0000000025280000,0x0000000025380000)]
  0x0000000018c75800 JavaThread "jar transforms Thread 47" [_thread_blocked, id=5924, stack(0x0000000025180000,0x0000000025280000)]
  0x0000000018c78800 JavaThread "jar transforms Thread 46" [_thread_blocked, id=7324, stack(0x0000000025080000,0x0000000025180000)]
  0x0000000018c75000 JavaThread "jar transforms Thread 45" [_thread_blocked, id=5296, stack(0x0000000024f80000,0x0000000025080000)]
  0x0000000018c6d800 JavaThread "jar transforms Thread 44" [_thread_blocked, id=11156, stack(0x0000000024e80000,0x0000000024f80000)]
  0x0000000018c74000 JavaThread "jar transforms Thread 43" [_thread_blocked, id=10424, stack(0x0000000024d80000,0x0000000024e80000)]
  0x0000000018c73800 JavaThread "jar transforms Thread 42" [_thread_blocked, id=14188, stack(0x0000000024c80000,0x0000000024d80000)]
  0x0000000018c6c000 JavaThread "jar transforms Thread 41" [_thread_blocked, id=12936, stack(0x0000000024b80000,0x0000000024c80000)]
  0x0000000018c6f000 JavaThread "jar transforms Thread 40" [_thread_blocked, id=13988, stack(0x0000000024a80000,0x0000000024b80000)]
  0x0000000018c72800 JavaThread "jar transforms Thread 39" [_thread_blocked, id=8400, stack(0x0000000024980000,0x0000000024a80000)]
  0x0000000018c72000 JavaThread "jar transforms Thread 38" [_thread_blocked, id=428, stack(0x0000000024880000,0x0000000024980000)]
  0x0000000018c6a800 JavaThread "jar transforms Thread 37" [_thread_blocked, id=12636, stack(0x0000000024780000,0x0000000024880000)]
  0x0000000018c6b000 JavaThread "jar transforms Thread 36" [_thread_blocked, id=7596, stack(0x0000000024680000,0x0000000024780000)]
  0x0000000018c6e000 JavaThread "jar transforms Thread 35" [_thread_blocked, id=12668, stack(0x0000000024580000,0x0000000024680000)]
  0x0000000018c6f800 JavaThread "jar transforms Thread 34" [_thread_blocked, id=3624, stack(0x0000000024480000,0x0000000024580000)]
  0x0000000018c70800 JavaThread "jar transforms Thread 33" [_thread_blocked, id=12808, stack(0x0000000024380000,0x0000000024480000)]
  0x0000000018c6c800 JavaThread "jar transforms Thread 32" [_thread_blocked, id=6396, stack(0x0000000024280000,0x0000000024380000)]
  0x0000000018c71000 JavaThread "jar transforms Thread 31" [_thread_blocked, id=12300, stack(0x0000000024180000,0x0000000024280000)]
  0x0000000019928000 JavaThread "jar transforms Thread 30" [_thread_blocked, id=4468, stack(0x0000000024080000,0x0000000024180000)]
  0x0000000019926000 JavaThread "jar transforms Thread 29" [_thread_blocked, id=5140, stack(0x0000000023f80000,0x0000000024080000)]
  0x0000000019925000 JavaThread "jar transforms Thread 28" [_thread_blocked, id=11076, stack(0x0000000023e80000,0x0000000023f80000)]
  0x0000000019927800 JavaThread "jar transforms Thread 27" [_thread_blocked, id=3104, stack(0x0000000023d80000,0x0000000023e80000)]
  0x0000000019926800 JavaThread "jar transforms Thread 26" [_thread_blocked, id=7916, stack(0x0000000023c80000,0x0000000023d80000)]
  0x0000000019923000 JavaThread "jar transforms Thread 25" [_thread_blocked, id=1568, stack(0x0000000023b80000,0x0000000023c80000)]
  0x0000000019924800 JavaThread "jar transforms Thread 24" [_thread_blocked, id=8388, stack(0x0000000023a80000,0x0000000023b80000)]
  0x0000000019922000 JavaThread "jar transforms Thread 23" [_thread_blocked, id=11080, stack(0x0000000023980000,0x0000000023a80000)]
  0x0000000019923800 JavaThread "jar transforms Thread 22" [_thread_blocked, id=11180, stack(0x0000000023880000,0x0000000023980000)]
  0x000000001991a800 JavaThread "jar transforms Thread 21" [_thread_blocked, id=14260, stack(0x0000000023780000,0x0000000023880000)]
  0x000000001991e800 JavaThread "Build operations Thread 4" [_thread_blocked, id=5968, stack(0x0000000023480000,0x0000000023580000)]
  0x0000000019921800 JavaThread "Build operations Thread 3" [_thread_blocked, id=7884, stack(0x0000000023380000,0x0000000023480000)]
  0x000000001991d000 JavaThread "Build operations Thread 2" [_thread_blocked, id=10860, stack(0x0000000023280000,0x0000000023380000)]
  0x000000001991c000 JavaThread "Build operations" [_thread_blocked, id=4248, stack(0x0000000023180000,0x0000000023280000)]
  0x000000001991d800 JavaThread "Cache worker for Build Output Cleanup Cache (C:\Users\ASUS\AndroidStudioProjects\cookbers\.gradle\buildOutputCleanup)" [_thread_blocked, id=13068, stack(0x00000000208c0000,0x00000000209c0000)]
  0x0000000019b12800 JavaThread "Cache worker for file content cache (C:\Users\ASUS\.gradle\caches\6.5\fileContent)" [_thread_blocked, id=13316, stack(0x00000000207c0000,0x00000000208c0000)]
  0x0000000019b14000 JavaThread "Cache worker for execution history cache (C:\Users\ASUS\.gradle\caches\6.5\executionHistory)" [_thread_blocked, id=7184, stack(0x00000000202c0000,0x00000000203c0000)]
  0x0000000019b14800 JavaThread "Cache worker for cache directory md-rule (C:\Users\ASUS\.gradle\caches\6.5\md-rule)" [_thread_blocked, id=8620, stack(0x000000001ffc0000,0x00000000200c0000)]
  0x0000000019b13000 JavaThread "Cache worker for cache directory md-supplier (C:\Users\ASUS\.gradle\caches\6.5\md-supplier)" [_thread_blocked, id=11800, stack(0x000000001fec0000,0x000000001ffc0000)]
  0x0000000019b10000 JavaThread "Cache worker for checksums cache (C:\Users\ASUS\AndroidStudioProjects\cookbers\.gradle\checksums)" [_thread_blocked, id=12036, stack(0x000000001fdc0000,0x000000001fec0000)]
  0x0000000019b0f800 JavaThread "jar transforms Thread 20" [_thread_blocked, id=10644, stack(0x000000001fac0000,0x000000001fbc0000)]
  0x0000000019b0d000 JavaThread "jar transforms Thread 19" [_thread_blocked, id=2324, stack(0x000000001f8c0000,0x000000001f9c0000)]
  0x0000000019b09800 JavaThread "jar transforms Thread 18" [_thread_blocked, id=10600, stack(0x000000001f7c0000,0x000000001f8c0000)]
  0x0000000019b0e800 JavaThread "jar transforms Thread 17" [_thread_blocked, id=9524, stack(0x000000001f6c0000,0x000000001f7c0000)]
  0x0000000019b05800 JavaThread "jar transforms Thread 16" [_thread_blocked, id=1408, stack(0x000000001f5c0000,0x000000001f6c0000)]
  0x0000000019b06800 JavaThread "jar transforms Thread 15" [_thread_blocked, id=13136, stack(0x000000001f4c0000,0x000000001f5c0000)]
  0x0000000019b0c800 JavaThread "jar transforms Thread 14" [_thread_blocked, id=8888, stack(0x000000001f3c0000,0x000000001f4c0000)]
  0x0000000019b08000 JavaThread "jar transforms Thread 13" [_thread_blocked, id=11976, stack(0x000000001f2c0000,0x000000001f3c0000)]
  0x0000000019b0b800 JavaThread "jar transforms Thread 12" [_thread_blocked, id=12048, stack(0x000000001f1c0000,0x000000001f2c0000)]
  0x0000000019b07000 JavaThread "jar transforms Thread 11" [_thread_blocked, id=12656, stack(0x000000001f0c0000,0x000000001f1c0000)]
  0x0000000019b0a000 JavaThread "jar transforms Thread 10" [_thread_blocked, id=3548, stack(0x000000001efc0000,0x000000001f0c0000)]
  0x0000000019b0b000 JavaThread "jar transforms Thread 9" [_thread_blocked, id=9844, stack(0x000000001eec0000,0x000000001efc0000)]
  0x0000000019b08800 JavaThread "jar transforms Thread 8" [_thread_blocked, id=12416, stack(0x000000001edc0000,0x000000001eec0000)]
  0x00000000195da000 JavaThread "jar transforms Thread 7" [_thread_blocked, id=13064, stack(0x000000001ecc0000,0x000000001edc0000)]
  0x00000000195d9000 JavaThread "jar transforms Thread 6" [_thread_blocked, id=5548, stack(0x000000001ebc0000,0x000000001ecc0000)]
  0x00000000195d8800 JavaThread "jar transforms Thread 5" [_thread_blocked, id=10336, stack(0x000000001eac0000,0x000000001ebc0000)]
  0x00000000195d7000 JavaThread "jar transforms Thread 4" [_thread_blocked, id=11596, stack(0x000000001e9c0000,0x000000001eac0000)]
  0x00000000195d6000 JavaThread "jar transforms Thread 3" [_thread_blocked, id=11392, stack(0x000000001e8c0000,0x000000001e9c0000)]
  0x00000000195d5800 JavaThread "jar transforms Thread 2" [_thread_blocked, id=12908, stack(0x000000001e7c0000,0x000000001e8c0000)]
  0x00000000195d4000 JavaThread "jar transforms" [_thread_blocked, id=12644, stack(0x000000001e6c0000,0x000000001e7c0000)]
  0x00000000195d3000 JavaThread "Cache worker for file hash cache (C:\Users\ASUS\AndroidStudioProjects\cookbers\.gradle\6.5\fileHashes)" [_thread_blocked, id=7628, stack(0x000000001e5c0000,0x000000001e6c0000)]
  0x00000000195d7800 JavaThread "Cache worker for file hash cache (C:\Users\ASUS\.gradle\caches\6.5\fileHashes)" [_thread_blocked, id=13640, stack(0x000000001d0f0000,0x000000001d1f0000)]
  0x00000000195d4800 JavaThread "File lock request listener" [_thread_in_native, id=7208, stack(0x000000001cff0000,0x000000001d0f0000)]
  0x0000000018d18000 JavaThread "Cache worker for journal cache (C:\Users\ASUS\.gradle\caches\journal-1)" [_thread_blocked, id=2700, stack(0x000000001cef0000,0x000000001cff0000)]
  0x000000001ab6d000 JavaThread "Thread-9" [_thread_blocked, id=10852, stack(0x000000001cbf0000,0x000000001ccf0000)]
  0x000000001ab68800 JavaThread "Stdin handler" [_thread_blocked, id=10520, stack(0x000000001caf0000,0x000000001cbf0000)]
  0x000000001ab66000 JavaThread "Asynchronous log dispatcher for DefaultDaemonConnection: socket connection from /127.0.0.1:57192 to /127.0.0.1:57193" [_thread_blocked, id=13660, stack(0x000000001c9f0000,0x000000001caf0000)]
  0x000000001ab64800 JavaThread "Daemon worker" [_thread_in_Java, id=7476, stack(0x000000001c8f0000,0x000000001c9f0000)]
  0x000000001ab61800 JavaThread "Cancel handler" [_thread_blocked, id=10328, stack(0x000000001c7f0000,0x000000001c8f0000)]
  0x000000001ab2c000 JavaThread "Handler for socket connection from /127.0.0.1:57192 to /127.0.0.1:57193" [_thread_in_native, id=4388, stack(0x000000001c6f0000,0x000000001c7f0000)]
  0x000000001ab26800 JavaThread "Daemon" [_thread_blocked, id=4136, stack(0x000000001c5f0000,0x000000001c6f0000)]
  0x000000001aafc000 JavaThread "Daemon periodic checks" [_thread_blocked, id=11668, stack(0x000000001c2f0000,0x000000001c3f0000)]
  0x000000001aa8f000 JavaThread "Incoming local TCP Connector on port 57192" [_thread_in_native, id=9136, stack(0x000000001c0b0000,0x000000001c1b0000)]
  0x000000001a9d5800 JavaThread "Daemon health stats" [_thread_blocked, id=9060, stack(0x000000001ba70000,0x000000001bb70000)]
  0x00000000171de800 JavaThread "Service Thread" daemon [_thread_blocked, id=11796, stack(0x0000000018ed0000,0x0000000018fd0000)]
  0x00000000171b7000 JavaThread "C1 CompilerThread2" daemon [_thread_in_native, id=7140, stack(0x00000000189d0000,0x0000000018ad0000)]
  0x000000001718a000 JavaThread "C2 CompilerThread1" daemon [_thread_blocked, id=2712, stack(0x00000000188d0000,0x00000000189d0000)]
=>0x0000000017183000 JavaThread "C2 CompilerThread0" daemon [_thread_in_native, id=9076, stack(0x00000000187d0000,0x00000000188d0000)]
  0x0000000017182000 JavaThread "Attach Listener" daemon [_thread_blocked, id=12800, stack(0x00000000186d0000,0x00000000187d0000)]
  0x0000000017186800 JavaThread "Signal Dispatcher" daemon [_thread_blocked, id=12336, stack(0x00000000185d0000,0x00000000186d0000)]
  0x000000000247d000 JavaThread "Finalizer" daemon [_thread_blocked, id=10880, stack(0x00000000183d0000,0x00000000184d0000)]
  0x0000000017169800 JavaThread "Reference Handler" daemon [_thread_blocked, id=9620, stack(0x00000000182d0000,0x00000000183d0000)]
  0x0000000002382800 JavaThread "main" [_thread_blocked, id=8920, stack(0x00000000021d0000,0x00000000022d0000)]

Other Threads:
  0x0000000017146800 VMThread [stack: 0x00000000181d0000,0x00000000182d0000] [id=10396]
  0x0000000018afa000 WatcherThread [stack: 0x0000000018fd0000,0x00000000190d0000] [id=11616]

VM state:not at safepoint (normal execution)

VM Mutex/Monitor currently owned by a thread: None

heap address: 0x0000000080000000, size: 2048 MB, Compressed Oops mode: 32-bit
Narrow klass base: 0x0000000000000000, Narrow klass shift: 3
Compressed class space size: 1073741824 Address: 0x0000000100000000

Heap:
 PSYoungGen      total 254976K, used 229192K [0x00000000d5580000, 0x00000000ead00000, 0x0000000100000000)
  eden space 240640K, 95% used [0x00000000d5580000,0x00000000e3552308,0x00000000e4080000)
  from space 14336K, 0% used [0x00000000e4080000,0x00000000e4080000,0x00000000e4e80000)
  to   space 14336K, 0% used [0x00000000e9f00000,0x00000000e9f00000,0x00000000ead00000)
 ParOldGen       total 80384K, used 15581K [0x0000000080000000, 0x0000000084e80000, 0x00000000d5580000)
  object space 80384K, 19% used [0x0000000080000000,0x0000000080f374b0,0x0000000084e80000)
 Metaspace       used 47102K, capacity 49208K, committed 49496K, reserved 1091584K
  class space    used 6357K, capacity 6778K, committed 6784K, reserved 1048576K

Card table byte_map: [0x0000000011920000,0x0000000011d30000] byte_map_base: 0x0000000011520000

Marking Bits: (ParMarkBitMap*) 0x0000000066fcf030
 Begin Bits: [0x00000000123e0000, 0x00000000143e0000)
 End Bits:   [0x00000000143e0000, 0x00000000163e0000)

Polling page: 0x00000000001f0000

CodeCache: size=245760Kb used=14379Kb max_used=14379Kb free=231380Kb
 bounds [0x0000000002560000, 0x0000000003380000, 0x0000000011560000]
 total_blobs=4875 nmethods=4130 adapters=658
 compilation: enabled

Compilation events (10 events):
Event: 29.219 Thread 0x000000001718a000 nmethod 4488 0x000000000336c250 code [0x000000000336c400, 0x000000000336ca68]
Event: 29.219 Thread 0x000000001718a000 4475       4       java.util.zip.ZipCoder::getBytes (192 bytes)
Event: 29.227 Thread 0x000000001718a000 nmethod 4475 0x0000000002b5ba90 code [0x0000000002b5bc20, 0x0000000002b5c1d8]
Event: 29.228 Thread 0x000000001718a000 4477       4       java.nio.charset.CharsetEncoder::maxBytesPerChar (5 bytes)
Event: 29.228 Thread 0x000000001718a000 nmethod 4477 0x0000000002709210 code [0x0000000002709340, 0x0000000002709398]
Event: 29.228 Thread 0x000000001718a000 4484       4       sun.security.util.ManifestDigester::findSection (180 bytes)
Event: 29.232 Thread 0x000000001718a000 nmethod 4484 0x0000000002770f50 code [0x00000000027710a0, 0x0000000002771318]
Event: 29.232 Thread 0x000000001718a000 4478 %     4       sun.security.provider.SHA2::implCompress0 @ 3 (322 bytes)
Event: 29.253 Thread 0x000000001718a000 nmethod 4478% 0x000000000336b550 code [0x000000000336b6a0, 0x000000000336bf78]
Event: 29.253 Thread 0x000000001718a000 4498       4       sun.security.provider.ByteArrayAccess::b2iBig64 (614 bytes)

GC Heap History (10 events):
Event: 8.201 GC heap before
{Heap before GC invocations=5 (full 0):
 PSYoungGen      total 128000K, used 19983K [0x00000000d5580000, 0x00000000dd780000, 0x0000000100000000)
  eden space 122880K, 12% used [0x00000000d5580000,0x00000000d640bed8,0x00000000dcd80000)
  from space 5120K, 99% used [0x00000000dd280000,0x00000000dd778030,0x00000000dd780000)
  to   space 5120K, 0% used [0x00000000dcd80000,0x00000000dcd80000,0x00000000dd280000)
 ParOldGen       total 81920K, used 9416K [0x0000000080000000, 0x0000000085000000, 0x00000000d5580000)
  object space 81920K, 11% used [0x0000000080000000,0x0000000080932380,0x0000000085000000)
 Metaspace       used 20503K, capacity 21210K, committed 21248K, reserved 1067008K
  class space    used 2857K, capacity 3035K, committed 3072K, reserved 1048576K
Event: 8.217 GC heap after
Heap after GC invocations=5 (full 0):
 PSYoungGen      total 128000K, used 5108K [0x00000000d5580000, 0x00000000e5c80000, 0x0000000100000000)
  eden space 122880K, 0% used [0x00000000d5580000,0x00000000d5580000,0x00000000dcd80000)
  from space 5120K, 99% used [0x00000000dcd80000,0x00000000dd27d060,0x00000000dd280000)
  to   space 11776K, 0% used [0x00000000e5100000,0x00000000e5100000,0x00000000e5c80000)
 ParOldGen       total 81920K, used 10622K [0x0000000080000000, 0x0000000085000000, 0x00000000d5580000)
  object space 81920K, 12% used [0x0000000080000000,0x0000000080a5f8e0,0x0000000085000000)
 Metaspace       used 20503K, capacity 21210K, committed 21248K, reserved 1067008K
  class space    used 2857K, capacity 3035K, committed 3072K, reserved 1048576K
}
Event: 8.217 GC heap before
{Heap before GC invocations=6 (full 1):
 PSYoungGen      total 128000K, used 5108K [0x00000000d5580000, 0x00000000e5c80000, 0x0000000100000000)
  eden space 122880K, 0% used [0x00000000d5580000,0x00000000d5580000,0x00000000dcd80000)
  from space 5120K, 99% used [0x00000000dcd80000,0x00000000dd27d060,0x00000000dd280000)
  to   space 11776K, 0% used [0x00000000e5100000,0x00000000e5100000,0x00000000e5c80000)
 ParOldGen       total 81920K, used 10622K [0x0000000080000000, 0x0000000085000000, 0x00000000d5580000)
  object space 81920K, 12% used [0x0000000080000000,0x0000000080a5f8e0,0x0000000085000000)
 Metaspace       used 20503K, capacity 21210K, committed 21248K, reserved 1067008K
  class space    used 2857K, capacity 3035K, committed 3072K, reserved 1048576K
Event: 8.297 GC heap after
Heap after GC invocations=6 (full 1):
 PSYoungGen      total 128000K, used 0K [0x00000000d5580000, 0x00000000e5c80000, 0x0000000100000000)
  eden space 122880K, 0% used [0x00000000d5580000,0x00000000d5580000,0x00000000dcd80000)
  from space 5120K, 0% used [0x00000000dcd80000,0x00000000dcd80000,0x00000000dd280000)
  to   space 11776K, 0% used [0x00000000e5100000,0x00000000e5100000,0x00000000e5c80000)
 ParOldGen       total 54272K, used 7561K [0x0000000080000000, 0x0000000083500000, 0x00000000d5580000)
  object space 54272K, 13% used [0x0000000080000000,0x00000000807627a8,0x0000000083500000)
 Metaspace       used 20503K, capacity 21210K, committed 21248K, reserved 1067008K
  class space    used 2857K, capacity 3035K, committed 3072K, reserved 1048576K
}
Event: 13.893 GC heap before
{Heap before GC invocations=7 (full 1):
 PSYoungGen      total 128000K, used 122880K [0x00000000d5580000, 0x00000000e5c80000, 0x0000000100000000)
  eden space 122880K, 100% used [0x00000000d5580000,0x00000000dcd80000,0x00000000dcd80000)
  from space 5120K, 0% used [0x00000000dcd80000,0x00000000dcd80000,0x00000000dd280000)
  to   space 11776K, 0% used [0x00000000e5100000,0x00000000e5100000,0x00000000e5c80000)
 ParOldGen       total 54272K, used 7561K [0x0000000080000000, 0x0000000083500000, 0x00000000d5580000)
  object space 54272K, 13% used [0x0000000080000000,0x00000000807627a8,0x0000000083500000)
 Metaspace       used 31963K, capacity 33124K, committed 33408K, reserved 1077248K
  class space    used 4319K, capacity 4619K, committed 4736K, reserved 1048576K
Event: 13.925 GC heap after
Heap after GC invocations=7 (full 1):
 PSYoungGen      total 213504K, used 11767K [0x00000000d5580000, 0x00000000e5c80000, 0x0000000100000000)
  eden space 201728K, 0% used [0x00000000d5580000,0x00000000d5580000,0x00000000e1a80000)
  from space 11776K, 99% used [0x00000000e5100000,0x00000000e5c7dfa8,0x00000000e5c80000)
  to   space 14336K, 0% used [0x00000000e4080000,0x00000000e4080000,0x00000000e4e80000)
 ParOldGen       total 54272K, used 8224K [0x0000000080000000, 0x0000000083500000, 0x00000000d5580000)
  object space 54272K, 15% used [0x0000000080000000,0x0000000080808288,0x0000000083500000)
 Metaspace       used 31963K, capacity 33124K, committed 33408K, reserved 1077248K
  class space    used 4319K, capacity 4619K, committed 4736K, reserved 1048576K
}
Event: 16.715 GC heap before
{Heap before GC invocations=8 (full 1):
 PSYoungGen      total 213504K, used 57058K [0x00000000d5580000, 0x00000000e5c80000, 0x0000000100000000)
  eden space 201728K, 22% used [0x00000000d5580000,0x00000000d81ba9a0,0x00000000e1a80000)
  from space 11776K, 99% used [0x00000000e5100000,0x00000000e5c7dfa8,0x00000000e5c80000)
  to   space 14336K, 0% used [0x00000000e4080000,0x00000000e4080000,0x00000000e4e80000)
 ParOldGen       total 54272K, used 8224K [0x0000000080000000, 0x0000000083500000, 0x00000000d5580000)
  object space 54272K, 15% used [0x0000000080000000,0x0000000080808288,0x0000000083500000)
 Metaspace       used 33945K, capacity 35274K, committed 35416K, reserved 1079296K
  class space    used 4586K, capacity 4912K, committed 4992K, reserved 1048576K
Event: 16.733 GC heap after
Heap after GC invocations=8 (full 1):
 PSYoungGen      total 254976K, used 9239K [0x00000000d5580000, 0x00000000ead00000, 0x0000000100000000)
  eden space 240640K, 0% used [0x00000000d5580000,0x00000000d5580000,0x00000000e4080000)
  from space 14336K, 64% used [0x00000000e4080000,0x00000000e4985fa0,0x00000000e4e80000)
  to   space 14336K, 0% used [0x00000000e9f00000,0x00000000e9f00000,0x00000000ead00000)
 ParOldGen       total 54272K, used 8232K [0x0000000080000000, 0x0000000083500000, 0x00000000d5580000)
  object space 54272K, 15% used [0x0000000080000000,0x000000008080a288,0x0000000083500000)
 Metaspace       used 33945K, capacity 35274K, committed 35416K, reserved 1079296K
  class space    used 4586K, capacity 4912K, committed 4992K, reserved 1048576K
}
Event: 16.733 GC heap before
{Heap before GC invocations=9 (full 2):
 PSYoungGen      total 254976K, used 9239K [0x00000000d5580000, 0x00000000ead00000, 0x0000000100000000)
  eden space 240640K, 0% used [0x00000000d5580000,0x00000000d5580000,0x00000000e4080000)
  from space 14336K, 64% used [0x00000000e4080000,0x00000000e4985fa0,0x00000000e4e80000)
  to   space 14336K, 0% used [0x00000000e9f00000,0x00000000e9f00000,0x00000000ead00000)
 ParOldGen       total 54272K, used 8232K [0x0000000080000000, 0x0000000083500000, 0x00000000d5580000)
  object space 54272K, 15% used [0x0000000080000000,0x000000008080a288,0x0000000083500000)
 Metaspace       used 33945K, capacity 35274K, committed 35416K, reserved 1079296K
  class space    used 4586K, capacity 4912K, committed 4992K, reserved 1048576K
Event: 16.853 GC heap after
Heap after GC invocations=9 (full 2):
 PSYoungGen      total 254976K, used 0K [0x00000000d5580000, 0x00000000ead00000, 0x0000000100000000)
  eden space 240640K, 0% used [0x00000000d5580000,0x00000000d5580000,0x00000000e4080000)
  from space 14336K, 0% used [0x00000000e4080000,0x00000000e4080000,0x00000000e4e80000)
  to   space 14336K, 0% used [0x00000000e9f00000,0x00000000e9f00000,0x00000000ead00000)
 ParOldGen       total 80384K, used 15581K [0x0000000080000000, 0x0000000084e80000, 0x00000000d5580000)
  object space 80384K, 19% used [0x0000000080000000,0x0000000080f374b0,0x0000000084e80000)
 Metaspace       used 33945K, capacity 35274K, committed 35416K, reserved 1079296K
  class space    used 4586K, capacity 4912K, committed 4992K, reserved 1048576K
}

Deoptimization events (10 events):
Event: 29.074 Thread 0x000000001ab64800 Uncommon trap: reason=unstable_if action=reinterpret pc=0x0000000002a3283c method=java.lang.CharacterDataLatin1.isWhitespace(I)Z @ 14
Event: 29.130 Thread 0x000000001ab64800 Uncommon trap: reason=unstable_if action=reinterpret pc=0x0000000002aa3830 method=java.util.jar.JarFile.maybeInstantiateVerifier()V @ 4
Event: 29.133 Thread 0x000000001ab64800 Uncommon trap: reason=predicate action=maybe_recompile pc=0x00000000032c9ae0 method=sun.misc.Resource.getBytes()[B @ 53
Event: 29.135 Thread 0x000000001ab64800 Uncommon trap: reason=unstable_if action=reinterpret pc=0x0000000002fdb030 method=java.util.jar.JarFile.maybeInstantiateVerifier()V @ 4
Event: 29.135 Thread 0x000000001ab64800 Uncommon trap: reason=unstable_if action=reinterpret pc=0x00000000032cd6f0 method=java.security.CodeSource.<init>(Ljava/net/URL;[Ljava/security/CodeSigner;)V @ 25
Event: 29.138 Thread 0x000000001ab64800 Uncommon trap: reason=unstable_if action=reinterpret pc=0x0000000002b6926c method=java.security.CodeSource.getCertificates()[Ljava/security/cert/Certificate; @ 22
Event: 29.139 Thread 0x000000001ab64800 Uncommon trap: reason=unstable_if action=reinterpret pc=0x0000000002e81374 method=java.util.jar.JarFile.maybeInstantiateVerifier()V @ 4
Event: 29.141 Thread 0x000000001ab64800 Uncommon trap: reason=unstable_if action=reinterpret pc=0x00000000032d83ac method=java.security.CodeSource.matchCerts(Ljava/security/CodeSource;Z)Z @ 11
Event: 29.141 Thread 0x000000001ab64800 Uncommon trap: reason=unstable_if action=reinterpret pc=0x000000000329bfe8 method=java.lang.ClassLoader.compareCerts([Ljava/security/cert/Certificate;[Ljava/security/cert/Certificate;)Z @ 1
Event: 29.191 Thread 0x000000001ab64800 Uncommon trap: reason=unstable_if action=reinterpret pc=0x000000000333d930 method=java.util.LinkedHashMap.get(Ljava/lang/Object;)Ljava/lang/Object; @ 20

Classes redefined (0 events):
No events

Internal exceptions (10 events):
Event: 26.199 Thread 0x000000001ab64800 Exception <a 'java/lang/ClassNotFoundException': org/gradle/api/internal/ConventionTaskCustomizer> (0x00000000de7b21b0) thrown at [C:\src\AOSP-openjdk-git\hotspot\src\share\vm\classfile\systemDictionary.cpp, line 210]
Event: 26.201 Thread 0x000000001ab64800 Exception <a 'java/lang/ClassNotFoundException': org/gradle/api/tasks/DeleteCustomizer> (0x00000000de7f4440) thrown at [C:\src\AOSP-openjdk-git\hotspot\src\share\vm\classfile\systemDictionary.cpp, line 210]
Event: 26.205 Thread 0x000000001ab64800 Exception <a 'java/lang/ClassNotFoundException': org/gradle/api/tasks/Delete_DecoratedCustomizer> (0x00000000de843e00) thrown at [C:\src\AOSP-openjdk-git\hotspot\src\share\vm\classfile\systemDictionary.cpp, line 210]
Event: 26.324 Thread 0x000000001d605000 Exception <a 'sun/nio/fs/WindowsException'> (0x00000000deb54920) thrown at [C:\src\AOSP-openjdk-git\hotspot\src\share\vm\prims\jni.cpp, line 710]
Event: 26.326 Thread 0x000000001d605000 Exception <a 'sun/nio/fs/WindowsException'> (0x00000000deb54c78) thrown at [C:\src\AOSP-openjdk-git\hotspot\src\share\vm\prims\jni.cpp, line 710]
Event: 26.337 Thread 0x000000001ab64800 Exception <a 'java/lang/ClassNotFoundException': build_d0etxefqrh54qt9vx9mwc481bBeanInfo> (0x00000000de991cd8) thrown at [C:\src\AOSP-openjdk-git\hotspot\src\share\vm\classfile\systemDictionary.cpp, line 210]
Event: 26.337 Thread 0x000000001ab64800 Exception <a 'java/lang/ClassNotFoundException': build_d0etxefqrh54qt9vx9mwc481bCustomizer> (0x00000000de99d918) thrown at [C:\src\AOSP-openjdk-git\hotspot\src\share\vm\classfile\systemDictionary.cpp, line 210]
Event: 26.349 Thread 0x000000001ab64800 Exception <a 'java/lang/ClassNotFoundException': org/gradle/plugin/use/internal/PluginRequestCollector$PluginDependenciesSpecImplBeanInfo> (0x00000000dea41fa8) thrown at [C:\src\AOSP-openjdk-git\hotspot\src\share\vm\classfile\systemDictionary.cpp, line 21
Event: 26.351 Thread 0x000000001ab64800 Exception <a 'java/lang/ClassNotFoundException': org/gradle/plugin/use/internal/PluginRequestCollector$PluginDependenciesSpecImplCustomizer> (0x00000000dea81ee8) thrown at [C:\src\AOSP-openjdk-git\hotspot\src\share\vm\classfile\systemDictionary.cpp, line 
Event: 29.007 Thread 0x000000001ab64800 Implicit null exception at 0x000000000319a0c8 to 0x000000000319a60d

Events (10 events):
Event: 29.231 Thread 0x000000001ab64800 DEOPT PACKING pc=0x00000000027a1b46 sp=0x000000001c9e60d0
Event: 29.231 Thread 0x000000001ab64800 DEOPT UNPACKING pc=0x00000000025a71d0 sp=0x000000001c9e5e10 mode 0
Event: 29.232 Thread 0x000000001ab64800 DEOPT PACKING pc=0x00000000027a1b46 sp=0x000000001c9e60d0
Event: 29.232 Thread 0x000000001ab64800 DEOPT UNPACKING pc=0x00000000025a71d0 sp=0x000000001c9e5e10 mode 0
Event: 29.233 Thread 0x000000001ab64800 DEOPT PACKING pc=0x00000000027a1b46 sp=0x000000001c9e60d0
Event: 29.233 Thread 0x000000001ab64800 DEOPT UNPACKING pc=0x00000000025a71d0 sp=0x000000001c9e5e10 mode 0
Event: 29.233 Thread 0x000000001ab64800 DEOPT PACKING pc=0x00000000027a1b46 sp=0x000000001c9e60d0
Event: 29.233 Thread 0x000000001ab64800 DEOPT UNPACKING pc=0x00000000025a71d0 sp=0x000000001c9e5e10 mode 0
Event: 29.254 Thread 0x000000001ab64800 DEOPT PACKING pc=0x00000000027a1b46 sp=0x000000001c9e6360
Event: 29.254 Thread 0x000000001ab64800 DEOPT UNPACKING pc=0x00000000025a71d0 sp=0x000000001c9e60a0 mode 0


Dynamic libraries:
0x00007ff6b2fe0000 - 0x00007ff6b3011000 	C:\Program Files\Android\Android Studio\jre\bin\java.exe
0x00007ffdbb210000 - 0x00007ffdbb406000 	C:\Windows\SYSTEM32\ntdll.dll
0x00007ffdb9280000 - 0x00007ffdb933d000 	C:\Windows\System32\KERNEL32.DLL
0x00007ffdb8f40000 - 0x00007ffdb9209000 	C:\Windows\System32\KERNELBASE.dll
0x00007ffdba9d0000 - 0x00007ffdbaa7c000 	C:\Windows\System32\ADVAPI32.dll
0x00007ffdb9bd0000 - 0x00007ffdb9c6e000 	C:\Windows\System32\msvcrt.dll
0x00007ffdba490000 - 0x00007ffdba52c000 	C:\Windows\System32\sechost.dll
0x00007ffdb9fd0000 - 0x00007ffdba0fb000 	C:\Windows\System32\RPCRT4.dll
0x00007ffdb9340000 - 0x00007ffdb94e0000 	C:\Windows\System32\USER32.dll
0x00007ffdb8950000 - 0x00007ffdb8972000 	C:\Windows\System32\win32u.dll
0x00007ffdba280000 - 0x00007ffdba2aa000 	C:\Windows\System32\GDI32.dll
0x00007ffdb8b70000 - 0x00007ffdb8c79000 	C:\Windows\System32\gdi32full.dll
0x00007ffdb89d0000 - 0x00007ffdb8a6d000 	C:\Windows\System32\msvcp_win.dll
0x00007ffdb8a70000 - 0x00007ffdb8b70000 	C:\Windows\System32\ucrtbase.dll
0x00007ffda54d0000 - 0x00007ffda576b000 	C:\Windows\WinSxS\amd64_microsoft.windows.common-controls_6595b64144ccf1df_6.0.19041.488_none_ca04af081b815d21\COMCTL32.dll
0x00007ffdba530000 - 0x00007ffdba560000 	C:\Windows\System32\IMM32.DLL
0x0000000066720000 - 0x00000000667f2000 	C:\Program Files\Android\Android Studio\jre\jre\bin\msvcr100.dll
0x0000000066800000 - 0x000000006704b000 	C:\Program Files\Android\Android Studio\jre\jre\bin\server\jvm.dll
0x00007ffdba250000 - 0x00007ffdba258000 	C:\Windows\System32\PSAPI.DLL
0x00007ffdafb70000 - 0x00007ffdafb7a000 	C:\Windows\SYSTEM32\VERSION.dll
0x00007ffdaebd0000 - 0x00007ffdaebf7000 	C:\Windows\SYSTEM32\WINMM.dll
0x00007ffdb3130000 - 0x00007ffdb3139000 	C:\Windows\SYSTEM32\WSOCK32.dll
0x00007ffdb9900000 - 0x00007ffdb996b000 	C:\Windows\System32\WS2_32.dll
0x00007ffdb1970000 - 0x00007ffdb197f000 	C:\Program Files\Android\Android Studio\jre\jre\bin\verify.dll
0x00007ffd94530000 - 0x00007ffd94559000 	C:\Program Files\Android\Android Studio\jre\jre\bin\java.dll
0x00007ffdb1660000 - 0x00007ffdb1676000 	C:\Program Files\Android\Android Studio\jre\jre\bin\zip.dll
0x00007ffdbaa80000 - 0x00007ffdbb1c2000 	C:\Windows\System32\SHELL32.dll
0x00007ffdb6aa0000 - 0x00007ffdb7235000 	C:\Windows\SYSTEM32\windows.storage.dll
0x00007ffdb9c70000 - 0x00007ffdb9fc6000 	C:\Windows\System32\combase.dll
0x00007ffdb83c0000 - 0x00007ffdb83ec000 	C:\Windows\SYSTEM32\Wldp.dll
0x00007ffdb9850000 - 0x00007ffdb98fe000 	C:\Windows\System32\SHCORE.dll
0x00007ffdb97f0000 - 0x00007ffdb9845000 	C:\Windows\System32\shlwapi.dll
0x00007ffdb8880000 - 0x00007ffdb88a6000 	C:\Windows\SYSTEM32\profapi.dll
0x00007ffd94970000 - 0x00007ffd9498a000 	C:\Program Files\Android\Android Studio\jre\jre\bin\net.dll
0x00007ffdb80d0000 - 0x00007ffdb813a000 	C:\Windows\system32\mswsock.dll
0x00007ffd94300000 - 0x00007ffd94313000 	C:\Program Files\Android\Android Studio\jre\jre\bin\nio.dll
0x00007ffdb2ff0000 - 0x00007ffdb3017000 	C:\Users\ASUS\.gradle\native\f6784746aeab05261644944871eae4fe03e0ef1612fff0a4a95f87b438bc6780\windows-amd64\native-platform.dll
0x00007ffdb16d0000 - 0x00007ffdb16dd000 	C:\Program Files\Android\Android Studio\jre\jre\bin\management.dll
0x00007ffdb82b0000 - 0x00007ffdb82c8000 	C:\Windows\SYSTEM32\CRYPTSP.dll
0x00007ffdb7a00000 - 0x00007ffdb7a34000 	C:\Windows\system32\rsaenh.dll
0x00007ffdb8d00000 - 0x00007ffdb8d27000 	C:\Windows\System32\bcrypt.dll
0x00007ffdb8840000 - 0x00007ffdb886e000 	C:\Windows\SYSTEM32\USERENV.dll
0x00007ffdb8c80000 - 0x00007ffdb8d00000 	C:\Windows\System32\bcryptprimitives.dll
0x00007ffdb82a0000 - 0x00007ffdb82ac000 	C:\Windows\SYSTEM32\CRYPTBASE.dll
0x00007ffdb7dc0000 - 0x00007ffdb7dfb000 	C:\Windows\SYSTEM32\IPHLPAPI.DLL
0x00007ffdb9270000 - 0x00007ffdb9278000 	C:\Windows\System32\NSI.dll
0x00007ffdafcd0000 - 0x00007ffdafce7000 	C:\Windows\SYSTEM32\dhcpcsvc6.DLL
0x00007ffdafda0000 - 0x00007ffdafdbd000 	C:\Windows\SYSTEM32\dhcpcsvc.DLL
0x00007ffdb7e00000 - 0x00007ffdb7ecb000 	C:\Windows\SYSTEM32\DNSAPI.dll
0x00007ffdaff90000 - 0x00007ffdaff9b000 	C:\Windows\SYSTEM32\WINNSI.DLL

VM Arguments:
jvm_args: -Xmx2048m -Dfile.encoding=UTF-8 -Duser.country=US -Duser.language=en -Duser.variant 
java_command: org.gradle.launcher.daemon.bootstrap.GradleDaemon 6.5
java_class_path (initial): C:\Users\ASUS\.gradle\wrapper\dists\gradle-6.5-bin\6nifqtx7604sqp1q6g8wikw7p\gradle-6.5\lib\gradle-launcher-6.5.jar
Launcher Type: SUN_STANDARD

Environment Variables:
CLASSPATH=C:\Program Files (x86)\Java\jdk1.8.0_271\lib
PATH=C:\Program Files (x86)\Common Files\Oracle\Java\javapath;"C:\Program Files (x86)\Common Files\Oracle\Java\javapath;C:\Program Files\Java\jdk1.8.0_111\bin";C:\Windows\system32;C:\Windows;C:\Windows\System32\Wbem;C:\Windows\System32\WindowsPowerShell\v1.0\;C:\Windows\System32\OpenSSH\;C:\Program Files\Microsoft SQL Server\Client SDK\ODBC\130\Tools\Binn\;C:\Program Files (x86)\Microsoft SQL Server\140\Tools\Binn\;C:\Program Files\Microsoft SQL Server\140\Tools\Binn\;C:\Program Files\Microsoft SQL Server\140\DTS\Binn\;C:\Program Files (x86)\Microsoft SQL Server\150\DTS\Binn\;C:\Program Files\Azure Data Studio\bin;C:\Program Files (x86)\Microsoft SQL Server\140\DTS\Binn\;C:\Program Files\Microsoft SQL Server\130\Tools\Binn\;C:\Program Files (x86)\Microsoft SQL Server\110\DTS\Binn\;C:\Program Files (x86)\Microsoft SQL Server\120\DTS\Binn\;C:\Program Files (x86)\Microsoft SQL Server\130\DTS\Binn\;C:\Program Files\Git\cmd;C:\Program Files\Java\jdk1.8.0_111\bin;C:\Program Files\Azure Data Studio\bin;C:\Users\ASUS\AppData\Local\Programs\Microsoft VS Code\bin
USERNAME=ASUS
OS=Windows_NT
PROCESSOR_IDENTIFIER=AMD64 Family 21 Model 101 Stepping 1, AuthenticAMD



---------------  S Y S T E M  ---------------

OS: Windows 10.0 , 64 bit Build 19041 (10.0.19041.662)

CPU:total 4 (initial active 4) (4 cores per cpu, 1 threads per core) family 21 model 101 stepping 1, cmov, cx8, fxsr, mmx, sse, sse2, sse3, ssse3, sse4.1, sse4.2, popcnt, avx, avx2, aes, clmul, mmxext, 3dnowpref, lzcnt, sse4a, tsc, tscinvbit, tscinv, bmi1

Memory: 4k page, physical 7815640k(979848k free), swap 9710040k(5424k free)

vm_info: OpenJDK 64-Bit Server VM (25.242-b01) for windows-amd64 JRE (1.8.0_242-release-1644-b01), built by "builder" with MS VC++ 10.0 (VS2010)

time: Mon Dec 14 20:10:04 2020
timezone: SE Asia Standard Time
elapsed time: 29 seconds (0d 0h 0m 29s)

