#
# There is insufficient memory for the Java Runtime Environment to continue.
# Native memory allocation (malloc) failed to allocate 32744 bytes for ChunkPool::allocate
# Possible reasons:
#   The system is out of physical RAM or swap space
#   The process is running with CompressedOops enabled, and the Java Heap may be blocking the growth of the native heap
# Possible solutions:
#   Reduce memory load on the system
#   Increase physical memory or swap space
#   Check if swap backing store is full
#   Decrease Java heap size (-Xmx/-Xms)
#   Decrease number of Java threads
#   Decrease Java thread stack sizes (-Xss)
#   Set larger code cache with -XX:ReservedCodeCacheSize=
#   JVM is running with Unscaled Compressed Oops mode in which the Java heap is
#     placed in the first 4GB address space. The Java Heap base address is the
#     maximum limit for the native heap growth. Please use -XX:HeapBaseMinAddress
#     to set the Java Heap base and to place the Java Heap above 4GB virtual address.
# This output file may be truncated or incomplete.
#
#  Out of Memory Error (allocation.cpp:272), pid=2996, tid=0x000000000000235c
#
# JRE version: OpenJDK Runtime Environment (8.0_242-b01) (build 1.8.0_242-release-1644-b01)
# Java VM: OpenJDK 64-Bit Server VM (25.242-b01 mixed mode windows-amd64 compressed oops)
# Failed to write core dump. Minidumps are not enabled by default on client versions of Windows
#

---------------  T H R E A D  ---------------

Current thread (0x000000001a5f3800):  JavaThread "Daemon worker" [_thread_in_vm, id=9052, stack(0x000000001c350000,0x000000001c450000)]

Stack: [0x000000001c350000,0x000000001c450000]
[error occurred during error reporting (printing stack bounds), id 0xc0000005]

Native frames: (J=compiled Java code, j=interpreted, Vv=VM code, C=native code)

Java frames: (J=compiled Java code, j=interpreted, Vv=VM code)
J 525  java.lang.Throwable.fillInStackTrace(I)Ljava/lang/Throwable; (0 bytes) @ 0x000000000319e5bb [0x000000000319e580+0x3b]
J 1616 C2 java.lang.Throwable.fillInStackTrace()Ljava/lang/Throwable; (29 bytes) @ 0x0000000003184f70 [0x0000000003184ee0+0x90]
J 2130 C1 java.lang.Throwable.<init>(Ljava/lang/String;)V (34 bytes) @ 0x00000000035ec1ac [0x00000000035ec000+0x1ac]
J 2244 C1 java.lang.NoSuchMethodException.<init>(Ljava/lang/String;)V (6 bytes) @ 0x000000000363274c [0x0000000003632640+0x10c]
J 3743 C1 java.lang.Class.getDeclaredMethod(Ljava/lang/String;[Ljava/lang/Class;)Ljava/lang/reflect/Method; (67 bytes) @ 0x0000000003b5415c [0x0000000003b53760+0x9fc]
j  java.io.ObjectStreamClass.getInheritableMethod(Ljava/lang/Class;Ljava/lang/String;[Ljava/lang/Class;Ljava/lang/Class;)Ljava/lang/reflect/Method;+15
j  java.io.ObjectStreamClass.access$2400(Ljava/lang/Class;Ljava/lang/String;[Ljava/lang/Class;Ljava/lang/Class;)Ljava/lang/reflect/Method;+4
j  java.io.ObjectStreamClass$3.run()Ljava/lang/Void;+324
j  java.io.ObjectStreamClass$3.run()Ljava/lang/Object;+1
v  ~StubRoutines::call_stub
J 1022  java.security.AccessController.doPrivileged(Ljava/security/PrivilegedAction;)Ljava/lang/Object; (0 bytes) @ 0x000000000336b292 [0x000000000336b240+0x52]
j  java.io.ObjectStreamClass.<init>(Ljava/lang/Class;)V+103
J 5867 C1 java.io.ObjectStreamClass.lookup(Ljava/lang/Class;Z)Ljava/io/ObjectStreamClass; (335 bytes) @ 0x00000000030b79ac [0x00000000030b60e0+0x18cc]
J 5865 C1 java.io.ObjectOutputStream.writeObject0(Ljava/lang/Object;Z)V (619 bytes) @ 0x00000000034c726c [0x00000000034c6540+0xd2c]
j  java.io.ObjectOutputStream.writeObject(Ljava/lang/Object;)V+16
j  java.util.concurrent.CopyOnWriteArrayList.writeObject(Ljava/io/ObjectOutputStream;)V+40
v  ~StubRoutines::call_stub
J 1799  sun.reflect.NativeMethodAccessorImpl.invoke0(Ljava/lang/reflect/Method;Ljava/lang/Object;[Ljava/lang/Object;)Ljava/lang/Object; (0 bytes) @ 0x00000000034e667f [0x00000000034e6600+0x7f]
J 1798 C1 sun.reflect.NativeMethodAccessorImpl.invoke(Ljava/lang/Object;[Ljava/lang/Object;)Ljava/lang/Object; (104 bytes) @ 0x00000000034eb664 [0x00000000034ea4c0+0x11a4]
J 6872 C2 java.lang.reflect.Method.invoke(Ljava/lang/Object;[Ljava/lang/Object;)Ljava/lang/Object; (62 bytes) @ 0x0000000003f9b630 [0x0000000003f9b580+0xb0]
j  java.io.ObjectStreamClass.invokeWriteObject(Ljava/lang/Object;Ljava/io/ObjectOutputStream;)V+24
J 6809 C1 java.io.ObjectOutputStream.writeSerialData(Ljava/lang/Object;Ljava/io/ObjectStreamClass;)V (221 bytes) @ 0x00000000035b4b54 [0x00000000035b4540+0x614]
J 7096 C1 java.io.ObjectOutputStream.writeOrdinaryObject(Ljava/lang/Object;Ljava/io/ObjectStreamClass;Z)V (175 bytes) @ 0x00000000042e1784 [0x00000000042e11e0+0x5a4]
J 5865 C1 java.io.ObjectOutputStream.writeObject0(Ljava/lang/Object;Z)V (619 bytes) @ 0x00000000034c8a3c [0x00000000034c6540+0x24fc]
J 5894 C1 java.io.ObjectOutputStream.defaultWriteFields(Ljava/lang/Object;Ljava/io/ObjectStreamClass;)V (270 bytes) @ 0x000000000355010c [0x000000000354f940+0x7cc]
j  java.io.ObjectOutputStream.defaultWriteObject()V+41
j  org.gradle.internal.exceptions.DefaultMultiCauseException.writeObject(Ljava/io/ObjectOutputStream;)V+6
v  ~StubRoutines::call_stub
J 1799  sun.reflect.NativeMethodAccessorImpl.invoke0(Ljava/lang/reflect/Method;Ljava/lang/Object;[Ljava/lang/Object;)Ljava/lang/Object; (0 bytes) @ 0x00000000034e667f [0x00000000034e6600+0x7f]
J 1798 C1 sun.reflect.NativeMethodAccessorImpl.invoke(Ljava/lang/Object;[Ljava/lang/Object;)Ljava/lang/Object; (104 bytes) @ 0x00000000034eb664 [0x00000000034ea4c0+0x11a4]
J 6872 C2 java.lang.reflect.Method.invoke(Ljava/lang/Object;[Ljava/lang/Object;)Ljava/lang/Object; (62 bytes) @ 0x0000000003f9b630 [0x0000000003f9b580+0xb0]
j  java.io.ObjectStreamClass.invokeWriteObject(Ljava/lang/Object;Ljava/io/ObjectOutputStream;)V+24
J 6809 C1 java.io.ObjectOutputStream.writeSerialData(Ljava/lang/Object;Ljava/io/ObjectStreamClass;)V (221 bytes) @ 0x00000000035b4b54 [0x00000000035b4540+0x614]
J 7096 C1 java.io.ObjectOutputStream.writeOrdinaryObject(Ljava/lang/Object;Ljava/io/ObjectStreamClass;Z)V (175 bytes) @ 0x00000000042e1784 [0x00000000042e11e0+0x5a4]
J 5865 C1 java.io.ObjectOutputStream.writeObject0(Ljava/lang/Object;Z)V (619 bytes) @ 0x00000000034c8a3c [0x00000000034c6540+0x24fc]
j  java.io.ObjectOutputStream.writeObject(Ljava/lang/Object;)V+16
j  org.gradle.internal.serialize.ExceptionPlaceholder.<init>(Ljava/lang/Throwable;Lorg/gradle/api/Transformer;)V+152
j  org.gradle.internal.serialize.ExceptionPlaceholder.<init>(Ljava/lang/Throwable;Lorg/gradle/api/Transformer;)V+219
j  org.gradle.internal.serialize.TopLevelExceptionPlaceholder.<init>(Ljava/lang/Throwable;Lorg/gradle/api/Transformer;)V+3
j  org.gradle.internal.serialize.ExceptionReplacingObjectOutputStream.doReplaceObject(Ljava/lang/Object;)Ljava/lang/Object;+19
j  org.gradle.internal.serialize.ExceptionReplacingObjectOutputStream$1.transform(Ljava/lang/Object;)Ljava/lang/Object;+5
j  org.gradle.internal.serialize.ExceptionReplacingObjectOutputStream.replaceObject(Ljava/lang/Object;)Ljava/lang/Object;+5
J 5865 C1 java.io.ObjectOutputStream.writeObject0(Ljava/lang/Object;Z)V (619 bytes) @ 0x00000000034c76e4 [0x00000000034c6540+0x11a4]
j  java.io.ObjectOutputStream.writeObject(Ljava/lang/Object;)V+16
j  org.gradle.tooling.internal.provider.serialization.PayloadSerializer.serialize(Ljava/lang/Object;)Lorg/gradle/tooling/internal/provider/serialization/SerializedPayload;+51
j  org.gradle.launcher.exec.InProcessBuildActionExecuter$1.transform(Lorg/gradle/internal/invocation/BuildController;)Lorg/gradle/launcher/exec/BuildActionResult;+80
j  org.gradle.launcher.exec.InProcessBuildActionExecuter$1.transform(Ljava/lang/Object;)Ljava/lang/Object;+5
j  org.gradle.composite.internal.DefaultRootBuildState.run(Lorg/gradle/api/Transformer;)Ljava/lang/Object;+43
j  org.gradle.launcher.exec.InProcessBuildActionExecuter.execute(Lorg/gradle/internal/invocation/BuildAction;Lorg/gradle/initialization/BuildRequestContext;Lorg/gradle/launcher/exec/BuildActionParameters;Lorg/gradle/internal/service/ServiceRegistry;)Lorg/gradle/launcher/exec/BuildActionResult;+82
j  org.gradle.launcher.exec.InProcessBuildActionExecuter.execute(Lorg/gradle/internal/invocation/BuildAction;Lorg/gradle/initialization/BuildRequestContext;Ljava/lang/Object;Lorg/gradle/internal/service/ServiceRegistry;)Lorg/gradle/launcher/exec/BuildActionResult;+9
j  org.gradle.launcher.exec.BuildTreeScopeBuildActionExecuter.execute(Lorg/gradle/internal/invocation/BuildAction;Lorg/gradle/initialization/BuildRequestContext;Lorg/gradle/launcher/exec/BuildActionParameters;Lorg/gradle/internal/service/ServiceRegistry;)Lorg/gradle/launcher/exec/BuildActionResult;+38
j  org.gradle.launcher.exec.BuildTreeScopeBuildActionExecuter.execute(Lorg/gradle/internal/invocation/BuildAction;Lorg/gradle/initialization/BuildRequestContext;Ljava/lang/Object;Lorg/gradle/internal/service/ServiceRegistry;)Lorg/gradle/launcher/exec/BuildActionResult;+9
j  org.gradle.tooling.internal.provider.ContinuousBuildActionExecuter.execute(Lorg/gradle/internal/invocation/BuildAction;Lorg/gradle/initialization/BuildRequestContext;Lorg/gradle/launcher/exec/BuildActionParameters;Lorg/gradle/internal/service/ServiceRegistry;)Lorg/gradle/launcher/exec/BuildActionResult;+58
j  org.gradle.tooling.internal.provider.ContinuousBuildActionExecuter.execute(Lorg/gradle/internal/invocation/BuildAction;Lorg/gradle/initialization/BuildRequestContext;Ljava/lang/Object;Lorg/gradle/internal/service/ServiceRegistry;)Lorg/gradle/launcher/exec/BuildActionResult;+9
j  org.gradle.tooling.internal.provider.SubscribableBuildActionExecuter.execute(Lorg/gradle/internal/invocation/BuildAction;Lorg/gradle/initialization/BuildRequestContext;Lorg/gradle/launcher/exec/BuildActionParameters;Lorg/gradle/internal/service/ServiceRegistry;)Lorg/gradle/launcher/exec/BuildActionResult;+41
j  org.gradle.tooling.internal.provider.SubscribableBuildActionExecuter.execute(Lorg/gradle/internal/invocation/BuildAction;Lorg/gradle/initialization/BuildRequestContext;Ljava/lang/Object;Lorg/gradle/internal/service/ServiceRegistry;)Lorg/gradle/launcher/exec/BuildActionResult;+9
j  org.gradle.tooling.internal.provider.SessionScopeBuildActionExecuter.execute(Lorg/gradle/internal/invocation/BuildAction;Lorg/gradle/initialization/BuildRequestContext;Lorg/gradle/launcher/exec/BuildActionParameters;Lorg/gradle/internal/service/ServiceRegistry;)Lorg/gradle/launcher/exec/BuildActionResult;+117
j  org.gradle.tooling.internal.provider.SessionScopeBuildActionExecuter.execute(Lorg/gradle/internal/invocation/BuildAction;Lorg/gradle/initialization/BuildRequestContext;Ljava/lang/Object;Lorg/gradle/internal/service/ServiceRegistry;)Lorg/gradle/launcher/exec/BuildActionResult;+9
j  org.gradle.tooling.internal.provider.GradleThreadBuildActionExecuter.execute(Lorg/gradle/internal/invocation/BuildAction;Lorg/gradle/initialization/BuildRequestContext;Lorg/gradle/launcher/exec/BuildActionParameters;Lorg/gradle/internal/service/ServiceRegistry;)Lorg/gradle/launcher/exec/BuildActionResult;+12
j  org.gradle.tooling.internal.provider.GradleThreadBuildActionExecuter.execute(Lorg/gradle/internal/invocation/BuildAction;Lorg/gradle/initialization/BuildRequestContext;Ljava/lang/Object;Lorg/gradle/internal/service/ServiceRegistry;)Lorg/gradle/launcher/exec/BuildActionResult;+9
j  org.gradle.tooling.internal.provider.StartParamsValidatingActionExecuter.execute(Lorg/gradle/internal/invocation/BuildAction;Lorg/gradle/initialization/BuildRequestContext;Lorg/gradle/launcher/exec/BuildActionParameters;Lorg/gradle/internal/service/ServiceRegistry;)Lorg/gradle/launcher/exec/BuildActionResult;+177
j  org.gradle.tooling.internal.provider.StartParamsValidatingActionExecuter.execute(Lorg/gradle/internal/invocation/BuildAction;Lorg/gradle/initialization/BuildRequestContext;Ljava/lang/Object;Lorg/gradle/internal/service/ServiceRegistry;)Lorg/gradle/launcher/exec/BuildActionResult;+9
j  org.gradle.tooling.internal.provider.SessionFailureReportingActionExecuter.execute(Lorg/gradle/internal/invocation/BuildAction;Lorg/gradle/initialization/BuildRequestContext;Lorg/gradle/launcher/exec/BuildActionParameters;Lorg/gradle/internal/service/ServiceRegistry;)Lorg/gradle/launcher/exec/BuildActionResult;+9
j  org.gradle.tooling.internal.provider.SessionFailureReportingActionExecuter.execute(Lorg/gradle/internal/invocation/BuildAction;Lorg/gradle/initialization/BuildRequestContext;Ljava/lang/Object;Lorg/gradle/internal/service/ServiceRegistry;)Lorg/gradle/launcher/exec/BuildActionResult;+9
j  org.gradle.tooling.internal.provider.SetupLoggingActionExecuter.execute(Lorg/gradle/internal/invocation/BuildAction;Lorg/gradle/initialization/BuildRequestContext;Lorg/gradle/launcher/exec/BuildActionParameters;Lorg/gradle/internal/service/ServiceRegistry;)Lorg/gradle/launcher/exec/BuildActionResult;+52
j  org.gradle.tooling.internal.provider.SetupLoggingActionExecuter.execute(Lorg/gradle/internal/invocation/BuildAction;Lorg/gradle/initialization/BuildRequestContext;Ljava/lang/Object;Lorg/gradle/internal/service/ServiceRegistry;)Lorg/gradle/launcher/exec/BuildActionResult;+9
j  org.gradle.launcher.daemon.server.exec.ExecuteBuild.doBuild(Lorg/gradle/launcher/daemon/server/api/DaemonCommandExecution;Lorg/gradle/launcher/daemon/protocol/Build;)V+118
j  org.gradle.launcher.daemon.server.exec.BuildCommandOnly.execute(Lorg/gradle/launcher/daemon/server/api/DaemonCommandExecution;)V+49
j  org.gradle.launcher.daemon.server.api.DaemonCommandExecution.proceed()Z+23
j  org.gradle.launcher.daemon.server.exec.WatchForDisconnection.execute(Lorg/gradle/launcher/daemon/server/api/DaemonCommandExecution;)V+19
j  org.gradle.launcher.daemon.server.api.DaemonCommandExecution.proceed()Z+23
j  org.gradle.launcher.daemon.server.exec.ResetDeprecationLogger.execute(Lorg/gradle/launcher/daemon/server/api/DaemonCommandExecution;)V+7
j  org.gradle.launcher.daemon.server.api.DaemonCommandExecution.proceed()Z+23
j  org.gradle.launcher.daemon.server.exec.RequestStopIfSingleUsedDaemon.execute(Lorg/gradle/launcher/daemon/server/api/DaemonCommandExecution;)V+33
j  org.gradle.launcher.daemon.server.api.DaemonCommandExecution.proceed()Z+23
j  org.gradle.launcher.daemon.server.exec.ForwardClientInput$2.create()Ljava/lang/Void;+4
j  org.gradle.launcher.daemon.server.exec.ForwardClientInput$2.create()Ljava/lang/Object;+1
j  org.gradle.util.Swapper.swap(Ljava/lang/Object;Lorg/gradle/internal/Factory;)Ljava/lang/Object;+21
j  org.gradle.launcher.daemon.server.exec.ForwardClientInput.execute(Lorg/gradle/launcher/daemon/server/api/DaemonCommandExecution;)V+63
j  org.gradle.launcher.daemon.server.api.DaemonCommandExecution.proceed()Z+23
j  org.gradle.launcher.daemon.server.exec.LogAndCheckHealth.execute(Lorg/gradle/launcher/daemon/server/api/DaemonCommandExecution;)V+28
j  org.gradle.launcher.daemon.server.api.DaemonCommandExecution.proceed()Z+23
j  org.gradle.launcher.daemon.server.exec.LogToClient.doBuild(Lorg/gradle/launcher/daemon/server/api/DaemonCommandExecution;Lorg/gradle/launcher/daemon/protocol/Build;)V+87
j  org.gradle.launcher.daemon.server.exec.BuildCommandOnly.execute(Lorg/gradle/launcher/daemon/server/api/DaemonCommandExecution;)V+49
j  org.gradle.launcher.daemon.server.api.DaemonCommandExecution.proceed()Z+23
j  org.gradle.launcher.daemon.server.exec.EstablishBuildEnvironment.doBuild(Lorg/gradle/launcher/daemon/server/api/DaemonCommandExecution;Lorg/gradle/launcher/daemon/protocol/Build;)V+351
j  org.gradle.launcher.daemon.server.exec.BuildCommandOnly.execute(Lorg/gradle/launcher/daemon/server/api/DaemonCommandExecution;)V+49
j  org.gradle.launcher.daemon.server.api.DaemonCommandExecution.proceed()Z+23
j  org.gradle.launcher.daemon.server.exec.StartBuildOrRespondWithBusy$1.run()V+44
j  org.gradle.launcher.daemon.server.DaemonStateCoordinator$1.run()V+4
j  org.gradle.internal.concurrent.ExecutorPolicy$CatchAndRecordFailures.onExecute(Ljava/lang/Runnable;)V+1
j  org.gradle.internal.concurrent.ManagedExecutorImpl$1.run()V+25
j  java.util.concurrent.ThreadPoolExecutor.runWorker(Ljava/util/concurrent/ThreadPoolExecutor$Worker;)V+95
j  java.util.concurrent.ThreadPoolExecutor$Worker.run()V+5
j  org.gradle.internal.concurrent.ThreadFactoryImpl$ManagedThreadRunnable.run()V+7
j  java.lang.Thread.run()V+11
v  ~StubRoutines::call_stub

---------------  P R O C E S S  ---------------

Java Threads: ( => current thread )
  0x000000002113e000 JavaThread "pool-1-thread-1" [_thread_in_native, id=8580, stack(0x0000000001310000,0x0000000001410000)]
  0x0000000021138800 JavaThread "WorkerExecutor Queue Thread 2" [_thread_blocked, id=2820, stack(0x000000002a5d0000,0x000000002a6d0000)]
  0x000000002113c800 JavaThread "Cache worker for execution history cache (C:\Users\ASUS\AndroidStudioProjects\cookbers\.gradle\6.5\executionHistory)" [_thread_blocked, id=2452, stack(0x0000000001210000,0x0000000001310000)]
  0x0000000021138000 JavaThread "Cache worker for file content cache (C:\Users\ASUS\AndroidStudioProjects\cookbers\.gradle\6.5\fileContent)" [_thread_blocked, id=11220, stack(0x0000000028900000,0x0000000028a00000)]
  0x000000001a6a8000 JavaThread "Memory manager" [_thread_blocked, id=6616, stack(0x0000000028800000,0x0000000028900000)]
  0x000000001a6a4800 JavaThread "Cache worker for Build Output Cleanup Cache (C:\Users\ASUS\AndroidStudioProjects\cookbers\.gradle\buildOutputCleanup)" [_thread_blocked, id=10332, stack(0x0000000027700000,0x0000000027800000)]
  0x000000001a6a3800 JavaThread "jar transforms Thread 92" [_thread_blocked, id=11988, stack(0x0000000027400000,0x0000000027500000)]
  0x000000001a6a6000 JavaThread "jar transforms Thread 91" [_thread_blocked, id=2524, stack(0x0000000027300000,0x0000000027400000)]
  0x000000001a6a7800 JavaThread "jar transforms Thread 90" [_thread_blocked, id=12860, stack(0x0000000027200000,0x0000000027300000)]
  0x000000001a69c000 JavaThread "jar transforms Thread 89" [_thread_blocked, id=3312, stack(0x0000000027100000,0x0000000027200000)]
  0x000000001a6a3000 JavaThread "jar transforms Thread 88" [_thread_blocked, id=12560, stack(0x0000000027000000,0x0000000027100000)]
  0x000000001a69d800 JavaThread "jar transforms Thread 87" [_thread_blocked, id=7492, stack(0x0000000026f00000,0x0000000027000000)]
  0x000000001a6a1800 JavaThread "jar transforms Thread 86" [_thread_blocked, id=1900, stack(0x0000000026e00000,0x0000000026f00000)]
  0x000000001a69d000 JavaThread "jar transforms Thread 85" [_thread_blocked, id=6360, stack(0x0000000026d00000,0x0000000026e00000)]
  0x000000001a69b800 JavaThread "jar transforms Thread 84" [_thread_blocked, id=13124, stack(0x0000000026c00000,0x0000000026d00000)]
  0x000000001a6a0800 JavaThread "jar transforms Thread 83" [_thread_blocked, id=9224, stack(0x0000000026b00000,0x0000000026c00000)]
  0x000000001a69f000 JavaThread "jar transforms Thread 82" [_thread_blocked, id=6620, stack(0x0000000026a00000,0x0000000026b00000)]
  0x000000001a69e800 JavaThread "jar transforms Thread 81" [_thread_blocked, id=7692, stack(0x0000000026900000,0x0000000026a00000)]
  0x000000001a6a0000 JavaThread "jar transforms Thread 80" [_thread_blocked, id=9476, stack(0x0000000026800000,0x0000000026900000)]
  0x000000001a6a2000 JavaThread "jar transforms Thread 79" [_thread_blocked, id=12188, stack(0x0000000026700000,0x0000000026800000)]
  0x000000001a69a000 JavaThread "jar transforms Thread 78" [_thread_blocked, id=5036, stack(0x0000000026600000,0x0000000026700000)]
  0x000000001a69a800 JavaThread "jar transforms Thread 77" [_thread_blocked, id=8592, stack(0x0000000026500000,0x0000000026600000)]
  0x000000001cd50800 JavaThread "jar transforms Thread 76" [_thread_blocked, id=5776, stack(0x0000000026400000,0x0000000026500000)]
  0x000000001cd4f000 JavaThread "jar transforms Thread 75" [_thread_blocked, id=6368, stack(0x0000000026300000,0x0000000026400000)]
  0x000000001cd4e800 JavaThread "jar transforms Thread 74" [_thread_blocked, id=3164, stack(0x0000000026200000,0x0000000026300000)]
  0x000000001cd4d800 JavaThread "jar transforms Thread 73" [_thread_blocked, id=4604, stack(0x0000000026100000,0x0000000026200000)]
  0x000000001cd50000 JavaThread "jar transforms Thread 72" [_thread_blocked, id=7040, stack(0x0000000026000000,0x0000000026100000)]
  0x000000001cd4b800 JavaThread "jar transforms Thread 71" [_thread_blocked, id=3584, stack(0x0000000025f00000,0x0000000026000000)]
  0x000000001cd4a800 JavaThread "jar transforms Thread 70" [_thread_blocked, id=11240, stack(0x0000000025e00000,0x0000000025f00000)]
  0x000000001cd4d000 JavaThread "jar transforms Thread 69" [_thread_blocked, id=12668, stack(0x0000000025d00000,0x0000000025e00000)]
  0x000000001cd4c000 JavaThread "jar transforms Thread 68" [_thread_blocked, id=9972, stack(0x0000000025c00000,0x0000000025d00000)]
  0x000000001cd43000 JavaThread "jar transforms Thread 67" [_thread_blocked, id=2692, stack(0x0000000025b00000,0x0000000025c00000)]
  0x000000001cd49000 JavaThread "jar transforms Thread 66" [_thread_blocked, id=8144, stack(0x0000000025a00000,0x0000000025b00000)]
  0x000000001cd48800 JavaThread "jar transforms Thread 65" [_thread_blocked, id=10228, stack(0x0000000025900000,0x0000000025a00000)]
  0x000000001cd4a000 JavaThread "jar transforms Thread 64" [_thread_blocked, id=8608, stack(0x0000000025800000,0x0000000025900000)]
  0x000000001cd47800 JavaThread "jar transforms Thread 63" [_thread_blocked, id=6080, stack(0x0000000025700000,0x0000000025800000)]
  0x000000001cd47000 JavaThread "jar transforms Thread 62" [_thread_blocked, id=9164, stack(0x0000000025600000,0x0000000025700000)]
  0x000000001cd41800 JavaThread "jar transforms Thread 61" [_thread_blocked, id=1640, stack(0x0000000025500000,0x0000000025600000)]
  0x000000001cd45800 JavaThread "jar transforms Thread 60" [_thread_blocked, id=5188, stack(0x0000000025400000,0x0000000025500000)]
  0x000000001cd44800 JavaThread "jar transforms Thread 59" [_thread_blocked, id=1336, stack(0x0000000025300000,0x0000000025400000)]
  0x000000001cd44000 JavaThread "jar transforms Thread 58" [_thread_blocked, id=2288, stack(0x0000000025200000,0x0000000025300000)]
  0x000000001cd46000 JavaThread "jar transforms Thread 57" [_thread_blocked, id=12072, stack(0x0000000025100000,0x0000000025200000)]
  0x000000001cd42800 JavaThread "jar transforms Thread 56" [_thread_blocked, id=11560, stack(0x0000000025000000,0x0000000025100000)]
  0x000000001a048000 JavaThread "jar transforms Thread 55" [_thread_blocked, id=7504, stack(0x0000000024f00000,0x0000000025000000)]
  0x000000001a047000 JavaThread "jar transforms Thread 54" [_thread_blocked, id=5936, stack(0x0000000024e00000,0x0000000024f00000)]
  0x000000001a046800 JavaThread "jar transforms Thread 53" [_thread_blocked, id=11296, stack(0x0000000024d00000,0x0000000024e00000)]
  0x000000001a045000 JavaThread "jar transforms Thread 52" [_thread_blocked, id=4636, stack(0x0000000024c00000,0x0000000024d00000)]
  0x000000001a045800 JavaThread "jar transforms Thread 51" [_thread_blocked, id=736, stack(0x0000000024b00000,0x0000000024c00000)]
  0x000000001a048800 JavaThread "jar transforms Thread 50" [_thread_blocked, id=7336, stack(0x0000000024a00000,0x0000000024b00000)]
  0x000000001a04a000 JavaThread "jar transforms Thread 49" [_thread_blocked, id=6508, stack(0x0000000024900000,0x0000000024a00000)]
  0x000000001a04b000 JavaThread "jar transforms Thread 48" [_thread_blocked, id=352, stack(0x0000000024800000,0x0000000024900000)]
  0x000000001a044000 JavaThread "jar transforms Thread 47" [_thread_blocked, id=11184, stack(0x0000000024700000,0x0000000024800000)]
  0x000000001a049800 JavaThread "jar transforms Thread 46" [_thread_blocked, id=12944, stack(0x0000000024600000,0x0000000024700000)]
  0x000000001a03c800 JavaThread "jar transforms Thread 45" [_thread_blocked, id=8496, stack(0x0000000024500000,0x0000000024600000)]
  0x000000001a043800 JavaThread "jar transforms Thread 44" [_thread_blocked, id=13244, stack(0x0000000024400000,0x0000000024500000)]
  0x000000001a03f800 JavaThread "jar transforms Thread 43" [_thread_blocked, id=8804, stack(0x0000000024300000,0x0000000024400000)]
  0x000000001a03f000 JavaThread "jar transforms Thread 42" [_thread_blocked, id=10144, stack(0x0000000024200000,0x0000000024300000)]
  0x000000001a03b800 JavaThread "jar transforms Thread 41" [_thread_blocked, id=4472, stack(0x0000000024100000,0x0000000024200000)]
  0x000000001a042000 JavaThread "jar transforms Thread 40" [_thread_blocked, id=11504, stack(0x0000000024000000,0x0000000024100000)]
  0x000000001a03d800 JavaThread "jar transforms Thread 39" [_thread_blocked, id=9240, stack(0x0000000023f00000,0x0000000024000000)]
  0x000000001a041000 JavaThread "jar transforms Thread 38" [_thread_blocked, id=2364, stack(0x0000000023e00000,0x0000000023f00000)]
  0x000000001a03e000 JavaThread "jar transforms Thread 37" [_thread_blocked, id=9496, stack(0x0000000023d00000,0x0000000023e00000)]
  0x000000001a040800 JavaThread "jar transforms Thread 36" [_thread_blocked, id=1660, stack(0x0000000023c00000,0x0000000023d00000)]
  0x000000001a042800 JavaThread "jar transforms Thread 35" [_thread_blocked, id=5604, stack(0x0000000023b00000,0x0000000023c00000)]
  0x000000001ab97000 JavaThread "jar transforms Thread 34" [_thread_blocked, id=3036, stack(0x0000000023a00000,0x0000000023b00000)]
  0x000000001ab96000 JavaThread "jar transforms Thread 33" [_thread_blocked, id=2284, stack(0x0000000023900000,0x0000000023a00000)]
  0x000000001ab8e800 JavaThread "jar transforms Thread 32" [_thread_blocked, id=13092, stack(0x0000000023800000,0x0000000023900000)]
  0x000000001ab95800 JavaThread "jar transforms Thread 31" [_thread_blocked, id=11232, stack(0x0000000023700000,0x0000000023800000)]
  0x000000001ab8e000 JavaThread "jar transforms Thread 30" [_thread_blocked, id=10444, stack(0x0000000023600000,0x0000000023700000)]
  0x000000001ab94800 JavaThread "jar transforms Thread 29" [_thread_blocked, id=9884, stack(0x0000000023500000,0x0000000023600000)]
  0x000000001ab8d000 JavaThread "jar transforms Thread 28" [_thread_blocked, id=11152, stack(0x0000000023400000,0x0000000023500000)]
  0x000000001ab93000 JavaThread "jar transforms Thread 27" [_thread_blocked, id=3008, stack(0x0000000023300000,0x0000000023400000)]
  0x000000001ab92800 JavaThread "jar transforms Thread 26" [_thread_blocked, id=2904, stack(0x0000000023200000,0x0000000023300000)]
  0x000000001ab94000 JavaThread "jar transforms Thread 25" [_thread_blocked, id=7092, stack(0x0000000023100000,0x0000000023200000)]
  0x000000001ab8a800 JavaThread "jar transforms Thread 24" [_thread_blocked, id=7188, stack(0x0000000023000000,0x0000000023100000)]
  0x000000001ab91800 JavaThread "jar transforms Thread 23" [_thread_blocked, id=10532, stack(0x0000000022f00000,0x0000000023000000)]
  0x000000001ab8b800 JavaThread "jar transforms Thread 22" [_thread_blocked, id=4800, stack(0x0000000022e00000,0x0000000022f00000)]
  0x000000001ab8a000 JavaThread "jar transforms Thread 21" [_thread_blocked, id=4504, stack(0x0000000022d00000,0x0000000022e00000)]
  0x000000001ab8c000 JavaThread "jar transforms Thread 20" [_thread_blocked, id=3004, stack(0x0000000022c00000,0x0000000022d00000)]
  0x000000001ab91000 JavaThread "jar transforms Thread 19" [_thread_blocked, id=9984, stack(0x0000000022b00000,0x0000000022c00000)]
  0x000000001ab89000 JavaThread "jar transforms Thread 18" [_thread_blocked, id=10480, stack(0x0000000022a00000,0x0000000022b00000)]
  0x000000001ab8f800 JavaThread "jar transforms Thread 17" [_thread_blocked, id=11188, stack(0x0000000022900000,0x0000000022a00000)]
  0x000000001ab90000 JavaThread "jar transforms Thread 16" [_thread_blocked, id=748, stack(0x0000000022800000,0x0000000022900000)]
  0x000000001ab87800 JavaThread "jar transforms Thread 15" [_thread_blocked, id=10520, stack(0x0000000022700000,0x0000000022800000)]
  0x000000001ab88800 JavaThread "jar transforms Thread 14" [_thread_blocked, id=13180, stack(0x0000000022600000,0x0000000022700000)]
  0x000000001aff4800 JavaThread "jar transforms Thread 13" [_thread_blocked, id=6696, stack(0x0000000022500000,0x0000000022600000)]
  0x000000001affb800 JavaThread "jar transforms Thread 12" [_thread_blocked, id=12600, stack(0x0000000022400000,0x0000000022500000)]
  0x000000001affa800 JavaThread "jar transforms Thread 11" [_thread_blocked, id=9204, stack(0x0000000022300000,0x0000000022400000)]
  0x000000001affa000 JavaThread "jar transforms Thread 10" [_thread_blocked, id=7404, stack(0x0000000022200000,0x0000000022300000)]
  0x000000001aff9000 JavaThread "jar transforms Thread 9" [_thread_blocked, id=10352, stack(0x0000000022100000,0x0000000022200000)]
  0x000000001aff8800 JavaThread "jar transforms Thread 8" [_thread_blocked, id=400, stack(0x0000000022000000,0x0000000022100000)]
  0x000000001aff7800 JavaThread "jar transforms Thread 7" [_thread_blocked, id=12676, stack(0x0000000021f00000,0x0000000022000000)]
  0x000000001aff7000 JavaThread "jar transforms Thread 6" [_thread_blocked, id=10940, stack(0x0000000021e00000,0x0000000021f00000)]
  0x000000001aff6000 JavaThread "jar transforms Thread 5" [_thread_blocked, id=2676, stack(0x0000000021d00000,0x0000000021e00000)]
  0x000000001aff5800 JavaThread "jar transforms Thread 4" [_thread_blocked, id=13008, stack(0x0000000021c00000,0x0000000021d00000)]
  0x000000001afed000 JavaThread "jar transforms Thread 3" [_thread_blocked, id=12744, stack(0x0000000021b00000,0x0000000021c00000)]
  0x000000001aff1800 JavaThread "jar transforms Thread 2" [_thread_blocked, id=12816, stack(0x0000000021a00000,0x0000000021b00000)]
  0x000000001aff4000 JavaThread "Build operations Thread 4" [_thread_blocked, id=5600, stack(0x0000000021900000,0x0000000021a00000)]
  0x000000001afee000 JavaThread "Build operations Thread 3" [_thread_blocked, id=2040, stack(0x0000000021800000,0x0000000021900000)]
  0x000000001aff1000 JavaThread "Build operations Thread 2" [_thread_blocked, id=8772, stack(0x0000000021700000,0x0000000021800000)]
  0x000000001afec800 JavaThread "Build operations" [_thread_blocked, id=9156, stack(0x0000000021600000,0x0000000021700000)]
  0x000000001afef800 JavaThread "Cache worker for file content cache (C:\Users\ASUS\.gradle\caches\6.5\fileContent)" [_thread_blocked, id=7240, stack(0x000000001ff30000,0x0000000020030000)]
  0x0000000019f9e800 JavaThread "jar transforms" [_thread_blocked, id=6584, stack(0x000000001fe30000,0x000000001ff30000)]
  0x0000000019f9b000 JavaThread "Cache worker for execution history cache (C:\Users\ASUS\.gradle\caches\6.5\executionHistory)" [_thread_blocked, id=1748, stack(0x000000001f730000,0x000000001f830000)]
  0x0000000019f9b800 JavaThread "Cache worker for cache directory md-rule (C:\Users\ASUS\.gradle\caches\6.5\md-rule)" [_thread_blocked, id=10704, stack(0x000000001f630000,0x000000001f730000)]
  0x0000000019f9a000 JavaThread "Cache worker for cache directory md-supplier (C:\Users\ASUS\.gradle\caches\6.5\md-supplier)" [_thread_blocked, id=12664, stack(0x000000001f530000,0x000000001f630000)]
  0x0000000019f9d000 JavaThread "Cache worker for checksums cache (C:\Users\ASUS\AndroidStudioProjects\cookbers\.gradle\checksums)" [_thread_blocked, id=8228, stack(0x000000001f430000,0x000000001f530000)]
  0x0000000019f98800 JavaThread "Cache worker for file hash cache (C:\Users\ASUS\AndroidStudioProjects\cookbers\.gradle\6.5\fileHashes)" [_thread_blocked, id=6384, stack(0x000000001dc20000,0x000000001dd20000)]
  0x0000000019f9c800 JavaThread "Cache worker for file hash cache (C:\Users\ASUS\.gradle\caches\6.5\fileHashes)" [_thread_blocked, id=5788, stack(0x000000001dd60000,0x000000001de60000)]
  0x0000000019f9f800 JavaThread "File lock request listener" [_thread_in_native, id=7280, stack(0x000000001db20000,0x000000001dc20000)]
  0x0000000019f9e000 JavaThread "Cache worker for journal cache (C:\Users\ASUS\.gradle\caches\journal-1)" [_thread_blocked, id=7328, stack(0x000000001c950000,0x000000001ca50000)]
  0x000000001a98e800 JavaThread "Thread-9" [_thread_blocked, id=11436, stack(0x000000001c650000,0x000000001c750000)]
  0x000000001a974000 JavaThread "Asynchronous log dispatcher for DefaultDaemonConnection: socket connection from /127.0.0.1:52955 to /127.0.0.1:52956" [_thread_blocked, id=916, stack(0x000000001c450000,0x000000001c550000)]
=>0x000000001a5f3800 JavaThread "Daemon worker" [_thread_in_vm, id=9052, stack(0x000000001c350000,0x000000001c450000)]
  0x000000001a5f2800 JavaThread "Cancel handler" [_thread_blocked, id=6212, stack(0x000000001c250000,0x000000001c350000)]
  0x000000001a20b000 JavaThread "Handler for socket connection from /127.0.0.1:52955 to /127.0.0.1:52956" [_thread_in_native, id=9644, stack(0x000000001c150000,0x000000001c250000)]
  0x000000001a1e6800 JavaThread "Daemon" [_thread_blocked, id=10952, stack(0x000000001c050000,0x000000001c150000)]
  0x000000001a1f5800 JavaThread "Daemon periodic checks" [_thread_blocked, id=8172, stack(0x000000001bd50000,0x000000001be50000)]
  0x00000000195d1000 JavaThread "Incoming local TCP Connector on port 52955" [_thread_in_native, id=5432, stack(0x000000001bb10000,0x000000001bc10000)]
  0x0000000019fde800 JavaThread "Daemon health stats" [_thread_blocked, id=2412, stack(0x000000001b4d0000,0x000000001b5d0000)]
  0x0000000017bec800 JavaThread "Service Thread" daemon [_thread_blocked, id=13084, stack(0x0000000019900000,0x0000000019a00000)]
  0x0000000017be7800 JavaThread "C1 CompilerThread2" daemon [_thread_blocked, id=12920, stack(0x0000000019800000,0x0000000019900000)]
  0x0000000017b9d800 JavaThread "C2 CompilerThread1" daemon [_thread_blocked, id=11360, stack(0x0000000019300000,0x0000000019400000)]
  0x0000000017b92800 JavaThread "C2 CompilerThread0" daemon [_thread_blocked, id=11944, stack(0x0000000019200000,0x0000000019300000)]
  0x0000000017b91000 JavaThread "Attach Listener" daemon [_thread_blocked, id=10040, stack(0x0000000019100000,0x0000000019200000)]
  0x0000000017b95000 JavaThread "Signal Dispatcher" daemon [_thread_blocked, id=3128, stack(0x0000000019000000,0x0000000019100000)]
  0x0000000002f6b000 JavaThread "Finalizer" daemon [_thread_blocked, id=7996, stack(0x0000000018df0000,0x0000000018ef0000)]
  0x0000000017b79000 JavaThread "Reference Handler" daemon [_thread_blocked, id=8176, stack(0x0000000018cf0000,0x0000000018df0000)]
  0x00000000014be800 JavaThread "main" [_thread_blocked, id=7620, stack(0x0000000002d70000,0x0000000002e70000)]

Other Threads:
  0x0000000017b56000 VMThread [stack: 0x0000000018bf0000,0x0000000018cf0000] [id=12328]
  0x0000000019411000 WatcherThread [stack: 0x0000000019a00000,0x0000000019b00000] [id=13248]

VM state:not at safepoint (normal execution)

VM Mutex/Monitor currently owned by a thread: None

heap address: 0x0000000080000000, size: 2048 MB, Compressed Oops mode: 32-bit
Narrow klass base: 0x0000000000000000, Narrow klass shift: 3
Compressed class space size: 1073741824 Address: 0x0000000100000000

Heap:
 PSYoungGen      total 114688K, used 48871K [0x00000000d5580000, 0x00000000de280000, 0x0000000100000000)
  eden space 100352K, 35% used [0x00000000d5580000,0x00000000d788eb98,0x00000000db780000)
  from space 14336K, 90% used [0x00000000db780000,0x00000000dc42b0e0,0x00000000dc580000)
  to   space 15872K, 0% used [0x00000000dd300000,0x00000000dd300000,0x00000000de280000)
 ParOldGen       total 120320K, used 30332K [0x0000000080000000, 0x0000000087580000, 0x00000000d5580000)
  object space 120320K, 25% used [0x0000000080000000,0x0000000081d9f0f0,0x0000000087580000)
 Metaspace       used 67354K, capacity 70484K, committed 70552K, reserved 1110016K
  class space    used 9235K, capacity 9843K, committed 9904K, reserved 1048576K

Card table byte_map: [0x0000000012330000,0x0000000012740000] byte_map_base: 0x0000000011f30000

Marking Bits: (ParMarkBitMap*) 0x000000005a92f030
 Begin Bits: [0x0000000012df0000, 0x0000000014df0000)
 End Bits:   [0x0000000014df0000, 0x0000000016df0000)

Polling page: 0x0000000001450000

CodeCache: size=245760Kb used=21507Kb max_used=21597Kb free=224252Kb
 bounds [0x0000000002f70000, 0x00000000044b0000, 0x0000000011f70000]
 total_blobs=7637 nmethods=6835 adapters=715
 compilation: enabled

Compilation events (10 events):
Event: 75.835 Thread 0x0000000017be7800 7861       3       java.io.ObjectOutputStream::writeShort (9 bytes)
Event: 75.836 Thread 0x0000000017be7800 nmethod 7861 0x000000000399ab10 code [0x000000000399ac80, 0x000000000399ae08]
Event: 75.837 Thread 0x0000000017be7800 7864       3       java.io.ObjectStreamClass::access$1700 (8 bytes)
Event: 75.837 Thread 0x0000000017be7800 nmethod 7864 0x0000000003885790 code [0x0000000003885900, 0x0000000003885a68]
Event: 75.838 Thread 0x0000000017b92800 nmethod 7862 0x0000000003984a10 code [0x0000000003984b60, 0x0000000003984d78]
Event: 75.838 Thread 0x0000000017b9d800 nmethod 7857 0x00000000033b2110 code [0x00000000033b2260, 0x00000000033b2688]
Event: 75.838 Thread 0x0000000017b92800 7863       4       java.io.ObjectOutputStream$BlockDataOutputStream::writeByte (33 bytes)
Event: 75.838 Thread 0x0000000017be7800 7855       3       java.io.ObjectOutputStream::annotateClass (1 bytes)
Event: 75.839 Thread 0x0000000017be7800 nmethod 7855 0x00000000033a3410 code [0x00000000033a3560, 0x00000000033a36b0]
Event: 75.839 Thread 0x0000000017b92800 nmethod 7863 0x0000000003839dd0 code [0x0000000003839f00, 0x0000000003839fd8]

GC Heap History (10 events):
Event: 53.859 GC heap before
{Heap before GC invocations=18 (full 2):
 PSYoungGen      total 82432K, used 82415K [0x00000000d5580000, 0x00000000dc880000, 0x0000000100000000)
  eden space 71680K, 100% used [0x00000000d5580000,0x00000000d9b80000,0x00000000d9b80000)
  from space 10752K, 99% used [0x00000000d9b80000,0x00000000da5fbf88,0x00000000da600000)
  to   space 14336K, 0% used [0x00000000dba80000,0x00000000dba80000,0x00000000dc880000)
 ParOldGen       total 78848K, used 21403K [0x0000000080000000, 0x0000000084d00000, 0x00000000d5580000)
  object space 78848K, 27% used [0x0000000080000000,0x00000000814e6c40,0x0000000084d00000)
 Metaspace       used 55092K, capacity 57330K, committed 57384K, reserved 1099776K
  class space    used 7497K, capacity 7964K, committed 7984K, reserved 1048576K
Event: 53.900 GC heap after
Heap after GC invocations=18 (full 2):
 PSYoungGen      total 102912K, used 9581K [0x00000000d5580000, 0x00000000dc900000, 0x0000000100000000)
  eden space 88576K, 0% used [0x00000000d5580000,0x00000000d5580000,0x00000000dac00000)
  from space 14336K, 66% used [0x00000000dba80000,0x00000000dc3db6e8,0x00000000dc880000)
  to   space 14848K, 0% used [0x00000000dac00000,0x00000000dac00000,0x00000000dba80000)
 ParOldGen       total 78848K, used 26510K [0x0000000080000000, 0x0000000084d00000, 0x00000000d5580000)
  object space 78848K, 33% used [0x0000000080000000,0x00000000819e3a30,0x0000000084d00000)
 Metaspace       used 55092K, capacity 57330K, committed 57384K, reserved 1099776K
  class space    used 7497K, capacity 7964K, committed 7984K, reserved 1048576K
}
Event: 55.809 GC heap before
{Heap before GC invocations=19 (full 2):
 PSYoungGen      total 102912K, used 35090K [0x00000000d5580000, 0x00000000dc900000, 0x0000000100000000)
  eden space 88576K, 28% used [0x00000000d5580000,0x00000000d6e691f8,0x00000000dac00000)
  from space 14336K, 66% used [0x00000000dba80000,0x00000000dc3db6e8,0x00000000dc880000)
  to   space 14848K, 0% used [0x00000000dac00000,0x00000000dac00000,0x00000000dba80000)
 ParOldGen       total 78848K, used 26510K [0x0000000080000000, 0x0000000084d00000, 0x00000000d5580000)
  object space 78848K, 33% used [0x0000000080000000,0x00000000819e3a30,0x0000000084d00000)
 Metaspace       used 56849K, capacity 59116K, committed 59160K, reserved 1099776K
  class space    used 7770K, capacity 8231K, committed 8240K, reserved 1048576K
Event: 55.829 GC heap after
Heap after GC invocations=19 (full 2):
 PSYoungGen      total 103424K, used 7452K [0x00000000d5580000, 0x00000000dd680000, 0x0000000100000000)
  eden space 88576K, 0% used [0x00000000d5580000,0x00000000d5580000,0x00000000dac00000)
  from space 14848K, 50% used [0x00000000dac00000,0x00000000db3471f0,0x00000000dba80000)
  to   space 14336K, 0% used [0x00000000dc880000,0x00000000dc880000,0x00000000dd680000)
 ParOldGen       total 78848K, used 26518K [0x0000000080000000, 0x0000000084d00000, 0x00000000d5580000)
  object space 78848K, 33% used [0x0000000080000000,0x00000000819e5a30,0x0000000084d00000)
 Metaspace       used 56849K, capacity 59116K, committed 59160K, reserved 1099776K
  class space    used 7770K, capacity 8231K, committed 8240K, reserved 1048576K
}
Event: 55.829 GC heap before
{Heap before GC invocations=20 (full 3):
 PSYoungGen      total 103424K, used 7452K [0x00000000d5580000, 0x00000000dd680000, 0x0000000100000000)
  eden space 88576K, 0% used [0x00000000d5580000,0x00000000d5580000,0x00000000dac00000)
  from space 14848K, 50% used [0x00000000dac00000,0x00000000db3471f0,0x00000000dba80000)
  to   space 14336K, 0% used [0x00000000dc880000,0x00000000dc880000,0x00000000dd680000)
 ParOldGen       total 78848K, used 26518K [0x0000000080000000, 0x0000000084d00000, 0x00000000d5580000)
  object space 78848K, 33% used [0x0000000080000000,0x00000000819e5a30,0x0000000084d00000)
 Metaspace       used 56849K, capacity 59116K, committed 59160K, reserved 1099776K
  class space    used 7770K, capacity 8231K, committed 8240K, reserved 1048576K
Event: 56.411 GC heap after
Heap after GC invocations=20 (full 3):
 PSYoungGen      total 103424K, used 0K [0x00000000d5580000, 0x00000000dd680000, 0x0000000100000000)
  eden space 88576K, 0% used [0x00000000d5580000,0x00000000d5580000,0x00000000dac00000)
  from space 14848K, 0% used [0x00000000dac00000,0x00000000dac00000,0x00000000dba80000)
  to   space 14336K, 0% used [0x00000000dc880000,0x00000000dc880000,0x00000000dd680000)
 ParOldGen       total 120320K, used 30316K [0x0000000080000000, 0x0000000087580000, 0x00000000d5580000)
  object space 120320K, 25% used [0x0000000080000000,0x0000000081d9b0f0,0x0000000087580000)
 Metaspace       used 56840K, capacity 59086K, committed 59160K, reserved 1099776K
  class space    used 7767K, capacity 8226K, committed 8240K, reserved 1048576K
}
Event: 63.770 GC heap before
{Heap before GC invocations=21 (full 3):
 PSYoungGen      total 103424K, used 88576K [0x00000000d5580000, 0x00000000dd680000, 0x0000000100000000)
  eden space 88576K, 100% used [0x00000000d5580000,0x00000000dac00000,0x00000000dac00000)
  from space 14848K, 0% used [0x00000000dac00000,0x00000000dac00000,0x00000000dba80000)
  to   space 14336K, 0% used [0x00000000dc880000,0x00000000dc880000,0x00000000dd680000)
 ParOldGen       total 120320K, used 30316K [0x0000000080000000, 0x0000000087580000, 0x00000000d5580000)
  object space 120320K, 25% used [0x0000000080000000,0x0000000081d9b0f0,0x0000000087580000)
 Metaspace       used 62601K, capacity 65360K, committed 65560K, reserved 1105920K
  class space    used 8696K, capacity 9221K, committed 9264K, reserved 1048576K
Event: 63.799 GC heap after
Heap after GC invocations=21 (full 3):
 PSYoungGen      total 111616K, used 9427K [0x00000000d5580000, 0x00000000dd380000, 0x0000000100000000)
  eden space 100352K, 0% used [0x00000000d5580000,0x00000000d5580000,0x00000000db780000)
  from space 11264K, 83% used [0x00000000dc880000,0x00000000dd1b4e00,0x00000000dd380000)
  to   space 14336K, 0% used [0x00000000db780000,0x00000000db780000,0x00000000dc580000)
 ParOldGen       total 120320K, used 30324K [0x0000000080000000, 0x0000000087580000, 0x00000000d5580000)
  object space 120320K, 25% used [0x0000000080000000,0x0000000081d9d0f0,0x0000000087580000)
 Metaspace       used 62601K, capacity 65360K, committed 65560K, reserved 1105920K
  class space    used 8696K, capacity 9221K, committed 9264K, reserved 1048576K
}
Event: 69.426 GC heap before
{Heap before GC invocations=22 (full 3):
 PSYoungGen      total 111616K, used 109779K [0x00000000d5580000, 0x00000000dd380000, 0x0000000100000000)
  eden space 100352K, 100% used [0x00000000d5580000,0x00000000db780000,0x00000000db780000)
  from space 11264K, 83% used [0x00000000dc880000,0x00000000dd1b4e00,0x00000000dd380000)
  to   space 14336K, 0% used [0x00000000db780000,0x00000000db780000,0x00000000dc580000)
 ParOldGen       total 120320K, used 30324K [0x0000000080000000, 0x0000000087580000, 0x00000000d5580000)
  object space 120320K, 25% used [0x0000000080000000,0x0000000081d9d0f0,0x0000000087580000)
 Metaspace       used 65177K, capacity 68098K, committed 68248K, reserved 1107968K
  class space    used 8977K, capacity 9552K, committed 9648K, reserved 1048576K
Event: 69.455 GC heap after
Heap after GC invocations=22 (full 3):
 PSYoungGen      total 114688K, used 12972K [0x00000000d5580000, 0x00000000de280000, 0x0000000100000000)
  eden space 100352K, 0% used [0x00000000d5580000,0x00000000d5580000,0x00000000db780000)
  from space 14336K, 90% used [0x00000000db780000,0x00000000dc42b0e0,0x00000000dc580000)
  to   space 15872K, 0% used [0x00000000dd300000,0x00000000dd300000,0x00000000de280000)
 ParOldGen       total 120320K, used 30332K [0x0000000080000000, 0x0000000087580000, 0x00000000d5580000)
  object space 120320K, 25% used [0x0000000080000000,0x0000000081d9f0f0,0x0000000087580000)
 Metaspace       used 65177K, capacity 68098K, committed 68248K, reserved 1107968K
  class space    used 8977K, capacity 9552K, committed 9648K, reserved 1048576K
}

Deoptimization events (10 events):
Event: 75.678 Thread 0x000000001a5f3800 Uncommon trap: reason=class_check action=maybe_recompile pc=0x000000000437706c method=java.util.HashMap.removeNode(ILjava/lang/Object;Ljava/lang/Object;ZZ)Ljava/util/HashMap$Node; @ 68
Event: 75.752 Thread 0x000000001a5f3800 Uncommon trap: reason=class_check action=maybe_recompile pc=0x00000000033eb4f8 method=org.gradle.internal.logging.text.AbstractLineChoppingStyledTextOutput$StateContext.flushLineText()V @ 110
Event: 75.752 Thread 0x000000001a5f3800 Uncommon trap: reason=unstable_if action=reinterpret pc=0x00000000033eb4e8 method=org.gradle.internal.logging.text.AbstractLineChoppingStyledTextOutput$2.execute(Lorg/gradle/internal/logging/text/AbstractLineChoppingStyledTextOutput$StateContext;)V @ 30
Event: 75.754 Thread 0x000000001a5f3800 Uncommon trap: reason=unstable_if action=reinterpret pc=0x00000000033cb58c method=org.gradle.internal.logging.text.AbstractLineChoppingStyledTextOutput$2.execute(Lorg/gradle/internal/logging/text/AbstractLineChoppingStyledTextOutput$StateContext;)V @ 30
Event: 75.754 Thread 0x000000001a5f3800 Uncommon trap: reason=unstable_if action=reinterpret pc=0x00000000033cc02c method=org.gradle.internal.logging.text.AbstractLineChoppingStyledTextOutput$2.execute(Lorg/gradle/internal/logging/text/AbstractLineChoppingStyledTextOutput$StateContext;)V @ 30
Event: 75.828 Thread 0x000000001a5f3800 Uncommon trap: reason=class_check action=maybe_recompile pc=0x00000000030e94d4 method=java.lang.String.equals(Ljava/lang/Object;)Z @ 8
Event: 75.828 Thread 0x000000001a5f3800 Uncommon trap: reason=class_check action=maybe_recompile pc=0x00000000030e94d4 method=java.lang.String.equals(Ljava/lang/Object;)Z @ 8
Event: 75.828 Thread 0x000000001a5f3800 Uncommon trap: reason=class_check action=maybe_recompile pc=0x00000000030e94d4 method=java.lang.String.equals(Ljava/lang/Object;)Z @ 8
Event: 75.828 Thread 0x000000001a5f3800 Uncommon trap: reason=class_check action=maybe_recompile pc=0x00000000030e94d4 method=java.lang.String.equals(Ljava/lang/Object;)Z @ 8
Event: 75.832 Thread 0x000000001a5f3800 Uncommon trap: reason=unstable_if action=reinterpret pc=0x000000000429e6ec method=org.gradle.internal.io.StreamByteBuffer.prepareRead()I @ 30

Classes redefined (0 events):
No events

Internal exceptions (10 events):
Event: 70.665 Thread 0x000000002113e800 Exception <a 'java/lang/NoSuchMethodError': <clinit>> (0x00000000d6d9ada0) thrown at [C:\src\AOSP-openjdk-git\hotspot\src\share\vm\prims\jni.cpp, line 1615]
Event: 70.668 Thread 0x000000002113e800 Exception <a 'java/lang/NoSuchMethodError': <clinit>> (0x00000000d6daab60) thrown at [C:\src\AOSP-openjdk-git\hotspot\src\share\vm\prims\jni.cpp, line 1615]
Event: 70.676 Thread 0x000000002113e800 Exception <a 'java/lang/NoSuchMethodError': <clinit>> (0x00000000d6dda3b8) thrown at [C:\src\AOSP-openjdk-git\hotspot\src\share\vm\prims\jni.cpp, line 1615]
Event: 70.720 Thread 0x000000002113e800 Exception <a 'java/lang/NoSuchMethodError': <clinit>> (0x00000000d6e8dea8) thrown at [C:\src\AOSP-openjdk-git\hotspot\src\share\vm\prims\jni.cpp, line 1615]
Event: 75.521 Thread 0x0000000021138800 Exception <a 'java/lang/NoSuchMethodError': java.lang.Object.lambda$negate$1(Ljava/lang/Object;)Z> (0x00000000d7299868) thrown at [C:\src\AOSP-openjdk-git\hotspot\src\share\vm\interpreter\linkResolver.cpp, line 620]
Event: 75.533 Thread 0x0000000021138800 Exception <a 'java/io/IOException'> (0x00000000d72a02f8) thrown at [C:\src\AOSP-openjdk-git\hotspot\src\share\vm\prims\jni.cpp, line 710]
Event: 75.536 Thread 0x0000000021138800 Exception <a 'java/io/IOException'> (0x00000000d72a6068) thrown at [C:\src\AOSP-openjdk-git\hotspot\src\share\vm\prims\jni.cpp, line 710]
Event: 75.542 Thread 0x000000002113e800 Exception <a 'java/lang/reflect/InvocationTargetException'> (0x00000000d6ef1408) thrown at [C:\src\AOSP-openjdk-git\hotspot\src\share\vm\runtime\reflection.cpp, line 1092]
Event: 75.585 Thread 0x000000001a98e800 Exception <a 'java/lang/NoSuchMethodError': <clinit>> (0x00000000d7662a20) thrown at [C:\src\AOSP-openjdk-git\hotspot\src\share\vm\prims\jni.cpp, line 1615]
Event: 75.587 Thread 0x000000001a98e800 Exception <a 'java/lang/NoSuchMethodError': <clinit>> (0x00000000d7673220) thrown at [C:\src\AOSP-openjdk-git\hotspot\src\share\vm\prims\jni.cpp, line 1615]

Events (10 events):
Event: 75.837 Thread 0x0000000017be7800 flushing nmethod 0x000000000420a190
Event: 75.837 Thread 0x0000000017be7800 flushing nmethod 0x000000000420ad90
Event: 75.837 Thread 0x0000000017be7800 flushing nmethod 0x000000000420b290
Event: 75.837 Thread 0x0000000017be7800 flushing nmethod 0x000000000420c810
Event: 75.837 Thread 0x0000000017be7800 flushing nmethod 0x000000000420ec10
Event: 75.837 Thread 0x0000000017be7800 flushing nmethod 0x0000000004210e50
Event: 75.839 loading class com/google/wireless/android/sdk/stats/StudioPerformanceStatsOrBuilder
Event: 75.840 loading class com/google/wireless/android/sdk/stats/StudioPerformanceStatsOrBuilder done
Event: 75.841 loading class com/google/wireless/android/sdk/stats/LldbSessionEndDetailsOrBuilder
Event: 75.841 loading class com/google/wireless/android/sdk/stats/LldbSessionEndDetailsOrBuilder done


Dynamic libraries:
0x00007ff69fcd0000 - 0x00007ff69fd01000 	C:\Program Files\Android\Android Studio\jre\bin\java.exe
0x00007ff928070000 - 0x00007ff928266000 	C:\Windows\SYSTEM32\ntdll.dll
0x00007ff926df0000 - 0x00007ff926ead000 	C:\Windows\System32\KERNEL32.DLL
0x00007ff925a60000 - 0x00007ff925d29000 	C:\Windows\System32\KERNELBASE.dll
0x00007ff926900000 - 0x00007ff9269ac000 	C:\Windows\System32\ADVAPI32.dll
0x00007ff926410000 - 0x00007ff9264ae000 	C:\Windows\System32\msvcrt.dll
0x00007ff927560000 - 0x00007ff9275fc000 	C:\Windows\System32\sechost.dll
0x00007ff926230000 - 0x00007ff92635b000 	C:\Windows\System32\RPCRT4.dll
0x00007ff927680000 - 0x00007ff927820000 	C:\Windows\System32\USER32.dll
0x00007ff925a30000 - 0x00007ff925a52000 	C:\Windows\System32\win32u.dll
0x00007ff926730000 - 0x00007ff92675a000 	C:\Windows\System32\GDI32.dll
0x00007ff925d30000 - 0x00007ff925e39000 	C:\Windows\System32\gdi32full.dll
0x00007ff9257b0000 - 0x00007ff92584d000 	C:\Windows\System32\msvcp_win.dll
0x00007ff925ed0000 - 0x00007ff925fd0000 	C:\Windows\System32\ucrtbase.dll
0x00007ff914080000 - 0x00007ff91431b000 	C:\Windows\WinSxS\amd64_microsoft.windows.common-controls_6595b64144ccf1df_6.0.19041.488_none_ca04af081b815d21\COMCTL32.dll
0x00007ff926f10000 - 0x00007ff926f40000 	C:\Windows\System32\IMM32.DLL
0x000000005a080000 - 0x000000005a152000 	C:\Program Files\Android\Android Studio\jre\jre\bin\msvcr100.dll
0x000000005a160000 - 0x000000005a9ab000 	C:\Program Files\Android\Android Studio\jre\jre\bin\server\jvm.dll
0x00007ff926720000 - 0x00007ff926728000 	C:\Windows\System32\PSAPI.DLL
0x00007ff920a00000 - 0x00007ff920a09000 	C:\Windows\SYSTEM32\WSOCK32.dll
0x00007ff91ccd0000 - 0x00007ff91ccf7000 	C:\Windows\SYSTEM32\WINMM.dll
0x00007ff91ccc0000 - 0x00007ff91ccca000 	C:\Windows\SYSTEM32\VERSION.dll
0x00007ff926890000 - 0x00007ff9268fb000 	C:\Windows\System32\WS2_32.dll
0x00007ff91f7b0000 - 0x00007ff91f7bf000 	C:\Program Files\Android\Android Studio\jre\jre\bin\verify.dll
0x00007ff8f86c0000 - 0x00007ff8f86e9000 	C:\Program Files\Android\Android Studio\jre\jre\bin\java.dll
0x00007ff900540000 - 0x00007ff900556000 	C:\Program Files\Android\Android Studio\jre\jre\bin\zip.dll
0x00007ff927820000 - 0x00007ff927f62000 	C:\Windows\System32\SHELL32.dll
0x00007ff923900000 - 0x00007ff924095000 	C:\Windows\SYSTEM32\windows.storage.dll
0x00007ff9269b0000 - 0x00007ff926d06000 	C:\Windows\System32\combase.dll
0x00007ff925220000 - 0x00007ff92524c000 	C:\Windows\SYSTEM32\Wldp.dll
0x00007ff926360000 - 0x00007ff92640e000 	C:\Windows\System32\SHCORE.dll
0x00007ff927f70000 - 0x00007ff927fc5000 	C:\Windows\System32\shlwapi.dll
0x00007ff9256e0000 - 0x00007ff925706000 	C:\Windows\SYSTEM32\profapi.dll
0x00007ff8ffb70000 - 0x00007ff8ffb8a000 	C:\Program Files\Android\Android Studio\jre\jre\bin\net.dll
0x00007ff924f20000 - 0x00007ff924f8a000 	C:\Windows\system32\mswsock.dll
0x00007ff91fa50000 - 0x00007ff91fa63000 	C:\Program Files\Android\Android Studio\jre\jre\bin\nio.dll
0x00007ff918640000 - 0x00007ff918667000 	C:\Users\ASUS\.gradle\native\f6784746aeab05261644944871eae4fe03e0ef1612fff0a4a95f87b438bc6780\windows-amd64\native-platform.dll
0x00007ff922750000 - 0x00007ff92275d000 	C:\Program Files\Android\Android Studio\jre\jre\bin\management.dll
0x00007ff9250f0000 - 0x00007ff925108000 	C:\Windows\SYSTEM32\CRYPTSP.dll
0x00007ff924860000 - 0x00007ff924894000 	C:\Windows\system32\rsaenh.dll
0x00007ff925e40000 - 0x00007ff925e67000 	C:\Windows\System32\bcrypt.dll
0x00007ff925660000 - 0x00007ff92568e000 	C:\Windows\SYSTEM32\USERENV.dll
0x00007ff925850000 - 0x00007ff9258d0000 	C:\Windows\System32\bcryptprimitives.dll
0x00007ff925110000 - 0x00007ff92511c000 	C:\Windows\SYSTEM32\CRYPTBASE.dll
0x00007ff924c20000 - 0x00007ff924c5b000 	C:\Windows\SYSTEM32\IPHLPAPI.DLL
0x00007ff926d10000 - 0x00007ff926d18000 	C:\Windows\System32\NSI.dll
0x00007ff91c9c0000 - 0x00007ff91c9d7000 	C:\Windows\SYSTEM32\dhcpcsvc6.DLL
0x00007ff91ca90000 - 0x00007ff91caad000 	C:\Windows\SYSTEM32\dhcpcsvc.DLL
0x00007ff924c60000 - 0x00007ff924d2b000 	C:\Windows\SYSTEM32\DNSAPI.dll
0x00007ff91cb20000 - 0x00007ff91cb2b000 	C:\Windows\SYSTEM32\WINNSI.DLL

VM Arguments:
jvm_args: -Xmx2048m -Dfile.encoding=UTF-8 -Duser.country=US -Duser.language=en -Duser.variant 
java_command: org.gradle.launcher.daemon.bootstrap.GradleDaemon 6.5
java_class_path (initial): C:\Users\ASUS\.gradle\wrapper\dists\gradle-6.5-all\2oz4ud9k3tuxjg84bbf55q0tn\gradle-6.5\lib\gradle-launcher-6.5.jar
Launcher Type: SUN_STANDARD

Environment Variables:
CLASSPATH=C:\Program Files (x86)\Java\jdk1.8.0_271\lib
PATH=C:\Program Files (x86)\Common Files\Oracle\Java\javapath;"C:\Program Files (x86)\Common Files\Oracle\Java\javapath;C:\Program Files\Java\jdk1.8.0_111\bin";C:\Windows\system32;C:\Windows;C:\Windows\System32\Wbem;C:\Windows\System32\WindowsPowerShell\v1.0\;C:\Windows\System32\OpenSSH\;C:\Program Files\Microsoft SQL Server\Client SDK\ODBC\130\Tools\Binn\;C:\Program Files (x86)\Microsoft SQL Server\140\Tools\Binn\;C:\Program Files\Microsoft SQL Server\140\Tools\Binn\;C:\Program Files\Microsoft SQL Server\140\DTS\Binn\;C:\Program Files (x86)\Microsoft SQL Server\150\DTS\Binn\;C:\Program Files\Azure Data Studio\bin;C:\Program Files (x86)\Microsoft SQL Server\140\DTS\Binn\;C:\Program Files\Microsoft SQL Server\130\Tools\Binn\;C:\Program Files (x86)\Microsoft SQL Server\110\DTS\Binn\;C:\Program Files (x86)\Microsoft SQL Server\120\DTS\Binn\;C:\Program Files (x86)\Microsoft SQL Server\130\DTS\Binn\;C:\Program Files\Git\cmd;D:\Aplikasi\ADB\platform-tools
USERNAME=ASUS
OS=Windows_NT
PROCESSOR_IDENTIFIER=AMD64 Family 21 Model 101 Stepping 1, AuthenticAMD



---------------  S Y S T E M  ---------------

OS: Windows 10.0 , 64 bit Build 19041 (10.0.19041.662)

CPU:total 4 (initial active 4) (4 cores per cpu, 1 threads per core) family 21 model 101 stepping 1, cmov, cx8, fxsr, mmx, sse, sse2, sse3, ssse3, sse4.1, sse4.2, popcnt, avx, avx2, aes, clmul, mmxext, 3dnowpref, lzcnt, sse4a, tsc, tscinvbit, tscinv, bmi1

Memory: 4k page, physical 7815640k(597584k free), swap 9710040k(3236k free)

vm_info: OpenJDK 64-Bit Server VM (25.242-b01) for windows-amd64 JRE (1.8.0_242-release-1644-b01), built by "builder" with MS VC++ 10.0 (VS2010)

time: Sat Dec 26 14:48:52 2020
timezone: SE Asia Standard Time
elapsed time: 75 seconds (0d 0h 1m 15s)

